Log file open, 02/02/24 17:55:21
LogWindows: Failed to load 'aqProf.dll' (GetLastError=126)
LogWindows: File 'aqProf.dll' does not exist
LogWindows: Failed to load 'VtuneApi.dll' (GetLastError=126)
LogWindows: File 'VtuneApi.dll' does not exist
LogWindows: Failed to load 'VtuneApi32e.dll' (GetLastError=126)
LogWindows: File 'VtuneApi32e.dll' does not exist
LogConsoleResponse: Display: Failed to find resolution value strings in scalability ini. Falling back to default.
LogInit: Display: Running engine for game: My2Project_git
LogPakFile: Registered encryption key '00000000000000000000000000000000': 0 pak files mounted, 0 remain pending
LogPlatformFile: Not using cached read wrapper
LogTaskGraph: Started task graph with 5 named threads and 20 total threads with 3 sets of task threads.
LogStats: Stats thread started at 0.303734
LogD3D11RHI: Loaded GFSDK_Aftermath_Lib.x64.dll
LogICUInternationalization: ICU TimeZone Detection - Raw Offset: +10:00, Platform Override: ''
LogPluginManager: Mounting plugin Paper2D
LogPluginManager: Mounting plugin AISupport
LogPluginManager: Mounting plugin LightPropagationVolume
LogPluginManager: Mounting plugin ActorLayerUtilities
LogPluginManager: Mounting plugin AnimationSharing
LogPluginManager: Mounting plugin CLionSourceCodeAccess
LogPluginManager: Mounting plugin CodeLiteSourceCodeAccess
LogPluginManager: Mounting plugin GitSourceControl
LogPluginManager: Mounting plugin KDevelopSourceCodeAccess
LogPluginManager: Mounting plugin NullSourceCodeAccess
LogPluginManager: Mounting plugin PerforceSourceControl
LogPluginManager: Mounting plugin SubversionSourceControl
LogPluginManager: Mounting plugin UObjectPlugin
LogPluginManager: Mounting plugin VisualStudioCodeSourceCodeAccess
LogPluginManager: Mounting plugin VisualStudioSourceCodeAccess
LogPluginManager: Mounting plugin XCodeSourceCodeAccess
LogPluginManager: Mounting plugin AssetManagerEditor
LogPluginManager: Mounting plugin CryptoKeys
LogPluginManager: Mounting plugin DataValidation
LogPluginManager: Mounting plugin FacialAnimation
LogPluginManager: Mounting plugin GameplayTagsEditor
LogPluginManager: Mounting plugin MacGraphicsSwitching
LogPluginManager: Mounting plugin MaterialAnalyzer
LogPluginManager: Mounting plugin MobileLauncherProfileWizard
LogPluginManager: Mounting plugin PluginBrowser
LogPluginManager: Mounting plugin SpeedTreeImporter
LogPluginManager: Mounting plugin DatasmithContent
LogPluginManager: Mounting plugin VariantManagerContent
LogPluginManager: Mounting plugin AlembicImporter
LogPluginManager: Mounting plugin AppleImageUtils
LogPluginManager: Mounting plugin AppleVision
LogPluginManager: Mounting plugin BackChannel
LogPluginManager: Mounting plugin CharacterAI
LogPluginManager: Mounting plugin GeometryCache
LogPluginManager: Mounting plugin HTML5Networking
LogPluginManager: Mounting plugin ProxyLODPlugin
LogPluginManager: Mounting plugin SkeletalReduction
LogPluginManager: Mounting plugin MagicLeap
LogPluginManager: Mounting plugin MagicLeapMedia
LogPluginManager: Mounting plugin AndroidMedia
LogPluginManager: Mounting plugin AvfMedia
LogPluginManager: Mounting plugin ImgMedia
LogPluginManager: Mounting plugin LinearTimecode
LogPluginManager: Mounting plugin MediaCompositing
LogPluginManager: Mounting plugin MediaPlayerEditor
LogPluginManager: Mounting plugin WebMMedia
LogPluginManager: Mounting plugin WmfMedia
LogPluginManager: Mounting plugin TcpMessaging
LogPluginManager: Mounting plugin UdpMessaging
LogPluginManager: Mounting plugin ActorSequence
LogPluginManager: Mounting plugin LevelSequenceEditor
LogPluginManager: Mounting plugin MatineeToLevelSequence
LogPluginManager: Mounting plugin NetcodeUnitTest
LogPluginManager: Mounting plugin NUTUnrealEngine4
LogPluginManager: Mounting plugin OnlineSubsystemGooglePlay
LogPluginManager: Mounting plugin OnlineSubsystemIOS
LogPluginManager: Mounting plugin OnlineSubsystem
LogPluginManager: Mounting plugin OnlineSubsystemNull
LogPluginManager: Mounting plugin OnlineSubsystemUtils
LogPluginManager: Mounting plugin LauncherChunkInstaller
LogPluginManager: Mounting plugin AndroidDeviceProfileSelector
LogPluginManager: Mounting plugin AndroidMoviePlayer
LogPluginManager: Mounting plugin AndroidPermission
LogPluginManager: Mounting plugin AppleMoviePlayer
LogPluginManager: Mounting plugin ArchVisCharacter
LogPluginManager: Mounting plugin AudioCapture
LogPluginManager: Mounting plugin CableComponent
LogPluginManager: Mounting plugin CustomMeshComponent
LogPluginManager: Mounting plugin EditableMesh
LogPluginManager: Mounting plugin ExampleDeviceProfileSelector
LogPluginManager: Mounting plugin Firebase
LogPluginManager: Mounting plugin GoogleCloudMessaging
LogPluginManager: Mounting plugin IOSDeviceProfileSelector
LogPluginManager: Mounting plugin LinuxDeviceProfileSelector
LogPluginManager: Mounting plugin LocationServicesBPLibrary
LogPluginManager: Mounting plugin MobilePatchingUtils
LogPluginManager: Mounting plugin OculusVR
LogPluginManager: Mounting plugin PhysXVehicles
LogPluginManager: Mounting plugin ProceduralMeshComponent
LogPluginManager: Mounting plugin RuntimePhysXCooking
LogPluginManager: Mounting plugin SignificanceManager
LogPluginManager: Mounting plugin SteamVR
LogPluginManager: Mounting plugin WebMMoviePlayer
LogPluginManager: Mounting plugin WindowsMoviePlayer
LogInit: Using libcurl 7.55.1-DEV
LogInit:  - built for x86_64-pc-win32
LogInit:  - supports SSL with OpenSSL/1.1.1
LogInit:  - supports HTTP deflate (compression) using libz 1.2.8
LogInit:  - other features:
LogInit:      CURL_VERSION_SSL
LogInit:      CURL_VERSION_LIBZ
LogInit:      CURL_VERSION_IPV6
LogInit:      CURL_VERSION_ASYNCHDNS
LogInit:      CURL_VERSION_LARGEFILE
LogInit:      CURL_VERSION_IDN
LogInit:  CurlRequestOptions (configurable via config and command line):
LogInit:  - bVerifyPeer = true  - Libcurl will verify peer certificate
LogInit:  - bUseHttpProxy = false  - Libcurl will NOT use HTTP proxy
LogInit:  - bDontReuseConnections = false  - Libcurl will reuse connections
LogInit:  - MaxHostConnections = 16  - Libcurl will limit the number of connections to a host
LogInit:  - LocalHostAddr = Default
LogInit:  - BufferSize = 65536
LogInit: WinSock: version 1.1 (2.2), MaxSocks=32767, MaxUdp=65467
LogInit: Build: ++UE4+Release-4.22-CL-7053642
LogInit: Engine Version: 4.22.3-7053642+++UE4+Release-4.22
LogInit: Compatible Engine Version: 4.22.0-5660361+++UE4+Release-4.22
LogInit: Net CL: 5660361
LogInit: OS: Windows 10 (Release 2009) (), CPU: AMD Ryzen 5 4500U with Radeon Graphics         , GPU: AMD Radeon(TM) Graphics
LogInit: Compiled (64-bit): Jun 18 2019 03:09:11
LogInit: Compiled with Visual C++: 19.16.27025.01
LogInit: Build Configuration: Development
LogInit: Branch Name: ++UE4+Release-4.22
LogInit: Command Line: 
LogInit: Base Directory: D:/Unreal Engine/UE_4.22/Engine/Binaries/Win64/
LogInit: Installed Engine Build: 1
LogDevObjectVersion: Number of dev versions registered: 23
LogDevObjectVersion:   Dev-Blueprints (B0D832E4-1F89-4F0D-ACCF-7EB736FD4AA2): 10
LogDevObjectVersion:   Dev-Build (E1C64328-A22C-4D53-A36C-8E866417BD8C): 0
LogDevObjectVersion:   Dev-Core (375EC13C-06E4-48FB-B500-84F0262A717E): 3
LogDevObjectVersion:   Dev-Editor (E4B068ED-F494-42E9-A231-DA0B2E46BB41): 30
LogDevObjectVersion:   Dev-Framework (CFFC743F-43B0-4480-9391-14DF171D2073): 35
LogDevObjectVersion:   Dev-Mobile (B02B49B5-BB20-44E9-A304-32B752E40360): 2
LogDevObjectVersion:   Dev-Networking (A4E4105C-59A1-49B5-A7C5-40C4547EDFEE): 0
LogDevObjectVersion:   Dev-Online (39C831C9-5AE6-47DC-9A44-9C173E1C8E7C): 0
LogDevObjectVersion:   Dev-Physics (78F01B33-EBEA-4F98-B9B4-84EACCB95AA2): 0
LogDevObjectVersion:   Dev-Platform (6631380F-2D4D-43E0-8009-CF276956A95A): 0
LogDevObjectVersion:   Dev-Rendering (12F88B9F-8875-4AFC-A67C-D90C383ABD29): 28
LogDevObjectVersion:   Dev-Sequencer (7B5AE74C-D270-4C10-A958-57980B212A5A): 11
LogDevObjectVersion:   Dev-VR (D7296918-1DD6-4BDD-9DE2-64A83CC13884): 2
LogDevObjectVersion:   Dev-LoadTimes (C2A15278-BFE7-4AFE-6C17-90FF531DF755): 1
LogDevObjectVersion:   Private-Geometry (6EACA3D4-40EC-4CC1-B786-8BED09428FC5): 3
LogDevObjectVersion:   Dev-AnimPhys (29E575DD-E0A3-4627-9D10-D276232CDCEA): 17
LogDevObjectVersion:   Dev-Anim (AF43A65D-7FD3-4947-9873-3E8ED9C1BB05): 2
LogDevObjectVersion:   Dev-ReflectionCapture (6B266CEC-1EC7-4B8F-A30B-E4D90942FC07): 1
LogDevObjectVersion:   Dev-Automation (0DF73D61-A23F-47EA-B727-89E90C41499A): 1
LogDevObjectVersion:   FortniteMain (601D1886-AC64-4F84-AA16-D3DE0DEAC7D6): 25
LogDevObjectVersion:   Dev-Enterprise (9DFFBCD6-494F-0158-E221-12823C92A888): 6
LogDevObjectVersion:   Dev-Niagara (F2AED0AC-9AFE-416F-8664-AA7FFA26D6FC): 1
LogDevObjectVersion:   Dev-Destruction (174F1F0B-B4C6-45A5-B13F-2EE8D0FB917D): 2
LogInit: Presizing for max 16777216 objects, including 0 objects not considered by GC, pre-allocating 0 bytes for permanent pool.
LogInit: Object subsystem initialized
LogConfig: Setting CVar [[con.DebugEarlyDefault:1]]
LogConfig: Setting CVar [[r.setres:1280x720]]
[2024.02.02-07.55.22:235][  0]LogConfig: Setting CVar [[r.VSync:0]]
[2024.02.02-07.55.22:235][  0]LogConfig: Setting CVar [[r.RHICmdBypass:0]]
[2024.02.02-07.55.22:235][  0]LogConfig: Applying CVar settings from Section [/Script/Engine.RendererSettings] File [D:/My2Project_git/Saved/Config/Windows/Engine.ini]
[2024.02.02-07.55.22:235][  0]LogConfig: Setting CVar [[r.GPUCrashDebugging:0]]
[2024.02.02-07.55.22:235][  0]LogConfig: Applying CVar settings from Section [/Script/Engine.RendererOverrideSettings] File [D:/My2Project_git/Saved/Config/Windows/Engine.ini]
[2024.02.02-07.55.22:235][  0]LogConfig: Applying CVar settings from Section [/Script/Engine.StreamingSettings] File [D:/My2Project_git/Saved/Config/Windows/Engine.ini]
[2024.02.02-07.55.22:235][  0]LogConfig: Setting CVar [[s.MinBulkDataSizeForAsyncLoading:131072]]
[2024.02.02-07.55.22:235][  0]LogConfig: Setting CVar [[s.AsyncLoadingThreadEnabled:0]]
[2024.02.02-07.55.22:235][  0]LogConfig: Setting CVar [[s.EventDrivenLoaderEnabled:1]]
[2024.02.02-07.55.22:235][  0]LogConfig: Setting CVar [[s.WarnIfTimeLimitExceeded:0]]
[2024.02.02-07.55.22:235][  0]LogConfig: Setting CVar [[s.TimeLimitExceededMultiplier:1.5]]
[2024.02.02-07.55.22:235][  0]LogConfig: Setting CVar [[s.TimeLimitExceededMinTime:0.005]]
[2024.02.02-07.55.22:235][  0]LogConfig: Setting CVar [[s.UseBackgroundLevelStreaming:1]]
[2024.02.02-07.55.22:235][  0]LogConfig: Setting CVar [[s.PriorityAsyncLoadingExtraTime:15.0]]
[2024.02.02-07.55.22:235][  0]LogConfig: Setting CVar [[s.LevelStreamingActorsUpdateTimeLimit:5.0]]
[2024.02.02-07.55.22:235][  0]LogConfig: Setting CVar [[s.PriorityLevelStreamingActorsUpdateExtraTime:5.0]]
[2024.02.02-07.55.22:235][  0]LogConfig: Setting CVar [[s.LevelStreamingComponentsRegistrationGranularity:10]]
[2024.02.02-07.55.22:235][  0]LogConfig: Setting CVar [[s.UnregisterComponentsTimeLimit:1.0]]
[2024.02.02-07.55.22:235][  0]LogConfig: Setting CVar [[s.LevelStreamingComponentsUnregistrationGranularity:5]]
[2024.02.02-07.55.22:235][  0]LogConfig: Applying CVar settings from Section [/Script/Engine.GarbageCollectionSettings] File [D:/My2Project_git/Saved/Config/Windows/Engine.ini]
[2024.02.02-07.55.22:235][  0]LogConfig: Setting CVar [[gc.MaxObjectsNotConsideredByGC:1]]
[2024.02.02-07.55.22:235][  0]LogConfig: Setting CVar [[gc.SizeOfPermanentObjectPool:0]]
[2024.02.02-07.55.22:235][  0]LogConfig: Setting CVar [[gc.FlushStreamingOnGC:0]]
[2024.02.02-07.55.22:235][  0]LogConfig: Setting CVar [[gc.NumRetriesBeforeForcingGC:10]]
[2024.02.02-07.55.22:235][  0]LogConfig: Setting CVar [[gc.AllowParallelGC:1]]
[2024.02.02-07.55.22:235][  0]LogConfig: Setting CVar [[gc.TimeBetweenPurgingPendingKillObjects:61.1]]
[2024.02.02-07.55.22:235][  0]LogConfig: Setting CVar [[gc.MaxObjectsInEditor:16777216]]
[2024.02.02-07.55.22:235][  0]LogConfig: Setting CVar [[gc.IncrementalBeginDestroyEnabled:1]]
[2024.02.02-07.55.22:235][  0]LogConfig: Setting CVar [[gc.CreateGCClusters:1]]
[2024.02.02-07.55.22:236][  0]LogConfig: Setting CVar [[gc.MinGCClusterSize:5]]
[2024.02.02-07.55.22:236][  0]LogConfig: Setting CVar [[gc.ActorClusteringEnabled:0]]
[2024.02.02-07.55.22:236][  0]LogConfig: Setting CVar [[gc.BlueprintClusteringEnabled:0]]
[2024.02.02-07.55.22:236][  0]LogConfig: Setting CVar [[gc.UseDisregardForGCOnDedicatedServers:0]]
[2024.02.02-07.55.22:236][  0]LogConfig: Applying CVar settings from Section [/Script/Engine.NetworkSettings] File [D:/My2Project_git/Saved/Config/Windows/Engine.ini]
[2024.02.02-07.55.22:236][  0]LogConfig: Applying CVar settings from Section [/Script/UnrealEd.CookerSettings] File [D:/My2Project_git/Saved/Config/Windows/Engine.ini]
[2024.02.02-07.55.22:239][  0]LogConfig: Applying CVar settings from Section [ViewDistanceQuality@3] File [D:/My2Project_git/Saved/Config/Windows/Scalability.ini]
[2024.02.02-07.55.22:239][  0]LogConfig: Setting CVar [[r.SkeletalMeshLODBias:0]]
[2024.02.02-07.55.22:239][  0]LogConfig: Setting CVar [[r.ViewDistanceScale:1.0]]
[2024.02.02-07.55.22:239][  0]LogConfig: Applying CVar settings from Section [AntiAliasingQuality@3] File [D:/My2Project_git/Saved/Config/Windows/Scalability.ini]
[2024.02.02-07.55.22:239][  0]LogConfig: Setting CVar [[r.PostProcessAAQuality:4]]
[2024.02.02-07.55.22:239][  0]LogConfig: Applying CVar settings from Section [ShadowQuality@3] File [D:/My2Project_git/Saved/Config/Windows/Scalability.ini]
[2024.02.02-07.55.22:239][  0]LogConfig: Setting CVar [[r.LightFunctionQuality:1]]
[2024.02.02-07.55.22:239][  0]LogConfig: Setting CVar [[r.ShadowQuality:5]]
[2024.02.02-07.55.22:239][  0]LogConfig: Setting CVar [[r.Shadow.CSM.MaxCascades:10]]
[2024.02.02-07.55.22:239][  0]LogConfig: Setting CVar [[r.Shadow.MaxResolution:2048]]
[2024.02.02-07.55.22:239][  0]LogConfig: Setting CVar [[r.Shadow.MaxCSMResolution:2048]]
[2024.02.02-07.55.22:239][  0]LogConfig: Setting CVar [[r.Shadow.RadiusThreshold:0.01]]
[2024.02.02-07.55.22:239][  0]LogConfig: Setting CVar [[r.Shadow.DistanceScale:1.0]]
[2024.02.02-07.55.22:239][  0]LogConfig: Setting CVar [[r.Shadow.CSM.TransitionScale:1.0]]
[2024.02.02-07.55.22:239][  0]LogConfig: Setting CVar [[r.Shadow.PreShadowResolutionFactor:1.0]]
[2024.02.02-07.55.22:239][  0]LogConfig: Setting CVar [[r.DistanceFieldShadowing:1]]
[2024.02.02-07.55.22:239][  0]LogConfig: Setting CVar [[r.DistanceFieldAO:1]]
[2024.02.02-07.55.22:239][  0]LogConfig: Setting CVar [[r.AOQuality:2]]
[2024.02.02-07.55.22:239][  0]LogConfig: Setting CVar [[r.VolumetricFog:1]]
[2024.02.02-07.55.22:239][  0]LogConfig: Setting CVar [[r.VolumetricFog.GridPixelSize:8]]
[2024.02.02-07.55.22:239][  0]LogConfig: Setting CVar [[r.VolumetricFog.GridSizeZ:128]]
[2024.02.02-07.55.22:239][  0]LogConfig: Setting CVar [[r.VolumetricFog.HistoryMissSupersampleCount:4]]
[2024.02.02-07.55.22:239][  0]LogConfig: Setting CVar [[r.LightMaxDrawDistanceScale:1]]
[2024.02.02-07.55.22:239][  0]LogConfig: Setting CVar [[r.CapsuleShadows:1]]
[2024.02.02-07.55.22:239][  0]LogConfig: Applying CVar settings from Section [PostProcessQuality@3] File [D:/My2Project_git/Saved/Config/Windows/Scalability.ini]
[2024.02.02-07.55.22:239][  0]LogConfig: Setting CVar [[r.MotionBlurQuality:4]]
[2024.02.02-07.55.22:239][  0]LogConfig: Setting CVar [[r.AmbientOcclusionMipLevelFactor:0.4]]
[2024.02.02-07.55.22:239][  0]LogConfig: Setting CVar [[r.AmbientOcclusionMaxQuality:100]]
[2024.02.02-07.55.22:239][  0]LogConfig: Setting CVar [[r.AmbientOcclusionLevels:-1]]
[2024.02.02-07.55.22:239][  0]LogConfig: Setting CVar [[r.AmbientOcclusionRadiusScale:1.0]]
[2024.02.02-07.55.22:239][  0]LogConfig: Setting CVar [[r.DepthOfFieldQuality:2]]
[2024.02.02-07.55.22:239][  0]LogConfig: Setting CVar [[r.RenderTargetPoolMin:400]]
[2024.02.02-07.55.22:239][  0]LogConfig: Setting CVar [[r.LensFlareQuality:2]]
[2024.02.02-07.55.22:240][  0]LogConfig: Setting CVar [[r.SceneColorFringeQuality:1]]
[2024.02.02-07.55.22:240][  0]LogConfig: Setting CVar [[r.EyeAdaptationQuality:2]]
[2024.02.02-07.55.22:240][  0]LogConfig: Setting CVar [[r.BloomQuality:5]]
[2024.02.02-07.55.22:240][  0]LogConfig: Setting CVar [[r.FastBlurThreshold:100]]
[2024.02.02-07.55.22:240][  0]LogConfig: Setting CVar [[r.Upscale.Quality:3]]
[2024.02.02-07.55.22:240][  0]LogConfig: Setting CVar [[r.Tonemapper.GrainQuantization:1]]
[2024.02.02-07.55.22:240][  0]LogConfig: Setting CVar [[r.LightShaftQuality:1]]
[2024.02.02-07.55.22:240][  0]LogConfig: Setting CVar [[r.Filter.SizeScale:1]]
[2024.02.02-07.55.22:240][  0]LogConfig: Setting CVar [[r.Tonemapper.Quality:5]]
[2024.02.02-07.55.22:240][  0]LogConfig: Setting CVar [[r.DOF.Gather.AccumulatorQuality:1        ; higher gathering accumulator quality]]
[2024.02.02-07.55.22:240][  0]LogConfig: Setting CVar [[r.DOF.Gather.PostfilterMethod:1          ; Median3x3 postfilering method]]
[2024.02.02-07.55.22:240][  0]LogConfig: Setting CVar [[r.DOF.Gather.EnableBokehSettings:0       ; no bokeh simulation when gathering]]
[2024.02.02-07.55.22:240][  0]LogConfig: Setting CVar [[r.DOF.Gather.RingCount:4                 ; medium number of samples when gathering]]
[2024.02.02-07.55.22:240][  0]LogConfig: Setting CVar [[r.DOF.Scatter.ForegroundCompositing:1    ; additive foreground scattering]]
[2024.02.02-07.55.22:240][  0]LogConfig: Setting CVar [[r.DOF.Scatter.BackgroundCompositing:2    ; additive background scattering]]
[2024.02.02-07.55.22:240][  0]LogConfig: Setting CVar [[r.DOF.Scatter.EnableBokehSettings:1      ; bokeh simulation when scattering]]
[2024.02.02-07.55.22:240][  0]LogConfig: Setting CVar [[r.DOF.Scatter.MaxSpriteRatio:0.1         ; only a maximum of 10% of scattered bokeh]]
[2024.02.02-07.55.22:240][  0]LogConfig: Setting CVar [[r.DOF.Recombine.Quality:1                ; cheap slight out of focus]]
[2024.02.02-07.55.22:240][  0]LogConfig: Setting CVar [[r.DOF.Recombine.EnableBokehSettings:0    ; no bokeh simulation on slight out of focus]]
[2024.02.02-07.55.22:240][  0]LogConfig: Setting CVar [[r.DOF.TemporalAAQuality:1                ; more stable temporal accumulation]]
[2024.02.02-07.55.22:240][  0]LogConfig: Setting CVar [[r.DOF.Kernel.MaxForegroundRadius:0.025]]
[2024.02.02-07.55.22:240][  0]LogConfig: Setting CVar [[r.DOF.Kernel.MaxBackgroundRadius:0.025]]
[2024.02.02-07.55.22:240][  0]LogConfig: Applying CVar settings from Section [TextureQuality@3] File [D:/My2Project_git/Saved/Config/Windows/Scalability.ini]
[2024.02.02-07.55.22:240][  0]LogConfig: Setting CVar [[r.Streaming.MipBias:0]]
[2024.02.02-07.55.22:240][  0]LogConfig: Setting CVar [[r.Streaming.AmortizeCPUToGPUCopy:0]]
[2024.02.02-07.55.22:240][  0]LogConfig: Setting CVar [[r.Streaming.MaxNumTexturesToStreamPerFrame:0]]
[2024.02.02-07.55.22:240][  0]LogConfig: Setting CVar [[r.Streaming.Boost:1]]
[2024.02.02-07.55.22:240][  0]LogConfig: Setting CVar [[r.MaxAnisotropy:8]]
[2024.02.02-07.55.22:240][  0]LogConfig: Setting CVar [[r.Streaming.LimitPoolSizeToVRAM:0]]
[2024.02.02-07.55.22:240][  0]LogConfig: Setting CVar [[r.Streaming.PoolSize:1000]]
[2024.02.02-07.55.22:240][  0]LogConfig: Setting CVar [[r.Streaming.MaxEffectiveScreenSize:0]]
[2024.02.02-07.55.22:240][  0]LogConfig: Applying CVar settings from Section [EffectsQuality@3] File [D:/My2Project_git/Saved/Config/Windows/Scalability.ini]
[2024.02.02-07.55.22:240][  0]LogConfig: Setting CVar [[r.TranslucencyLightingVolumeDim:64]]
[2024.02.02-07.55.22:240][  0]LogConfig: Setting CVar [[r.RefractionQuality:2]]
[2024.02.02-07.55.22:240][  0]LogConfig: Setting CVar [[r.SSR.Quality:3]]
[2024.02.02-07.55.22:240][  0]LogConfig: Setting CVar [[r.SceneColorFormat:4]]
[2024.02.02-07.55.22:240][  0]LogConfig: Setting CVar [[r.DetailMode:2]]
[2024.02.02-07.55.22:240][  0]LogConfig: Setting CVar [[r.TranslucencyVolumeBlur:1]]
[2024.02.02-07.55.22:240][  0]LogConfig: Setting CVar [[r.MaterialQualityLevel:1 ; High quality]]
[2024.02.02-07.55.22:240][  0]LogConfig: Setting CVar [[r.SSS.Scale:1]]
[2024.02.02-07.55.22:240][  0]LogConfig: Setting CVar [[r.SSS.SampleSet:2]]
[2024.02.02-07.55.22:240][  0]LogConfig: Setting CVar [[r.SSS.Quality:1]]
[2024.02.02-07.55.22:240][  0]LogConfig: Setting CVar [[r.SSS.HalfRes:1]]
[2024.02.02-07.55.22:240][  0]LogConfig: Setting CVar [[r.EmitterSpawnRateScale:1.0]]
[2024.02.02-07.55.22:241][  0]LogConfig: Setting CVar [[r.ParticleLightQuality:2]]
[2024.02.02-07.55.22:241][  0]LogConfig: Applying CVar settings from Section [FoliageQuality@3] File [D:/My2Project_git/Saved/Config/Windows/Scalability.ini]
[2024.02.02-07.55.22:241][  0]LogConfig: Setting CVar [[foliage.DensityScale:1.0]]
[2024.02.02-07.55.22:241][  0]LogConfig: Setting CVar [[grass.DensityScale:1.0]]
[2024.02.02-07.55.22:241][  0]LogInit: Selected Device Profile: [Windows]
[2024.02.02-07.55.22:241][  0]LogInit: Applying CVar settings loaded from the selected device profile: [Windows]
[2024.02.02-07.55.22:253][  0]LogHAL: Display: Platform has ~ 8 GB [7916019712 / 8589934592 / 8], which maps to Default [LargestMinGB=32, LargerMinGB=12, DefaultMinGB=8, SmallerMinGB=6, SmallestMinGB=0)
[2024.02.02-07.55.22:253][  0]LogConfig: Setting CVar [[r.Vulkan.UseRealUBs:0		; Required until we fix HLR fall-out]]
[2024.02.02-07.55.22:253][  0]LogInit: Going up to parent DeviceProfile []
[2024.02.02-07.55.22:253][  0]LogConfig: Applying CVar settings from Section [ViewDistanceQuality@2] File [D:/My2Project_git/Saved/Config/Windows/Scalability.ini]
[2024.02.02-07.55.22:253][  0]LogConfig: Setting CVar [[r.SkeletalMeshLODBias:0]]
[2024.02.02-07.55.22:253][  0]LogConfig: Setting CVar [[r.ViewDistanceScale:0.8]]
[2024.02.02-07.55.22:253][  0]LogConfig: Applying CVar settings from Section [AntiAliasingQuality@2] File [D:/My2Project_git/Saved/Config/Windows/Scalability.ini]
[2024.02.02-07.55.22:253][  0]LogConfig: Setting CVar [[r.PostProcessAAQuality:3]]
[2024.02.02-07.55.22:253][  0]LogConfig: Applying CVar settings from Section [ShadowQuality@3] File [D:/My2Project_git/Saved/Config/Windows/Scalability.ini]
[2024.02.02-07.55.22:254][  0]LogConfig: Setting CVar [[r.LightFunctionQuality:1]]
[2024.02.02-07.55.22:254][  0]LogConfig: Setting CVar [[r.ShadowQuality:5]]
[2024.02.02-07.55.22:254][  0]LogConfig: Setting CVar [[r.Shadow.CSM.MaxCascades:10]]
[2024.02.02-07.55.22:254][  0]LogConfig: Setting CVar [[r.Shadow.MaxResolution:2048]]
[2024.02.02-07.55.22:254][  0]LogConfig: Setting CVar [[r.Shadow.MaxCSMResolution:2048]]
[2024.02.02-07.55.22:254][  0]LogConfig: Setting CVar [[r.Shadow.RadiusThreshold:0.01]]
[2024.02.02-07.55.22:254][  0]LogConfig: Setting CVar [[r.Shadow.DistanceScale:1.0]]
[2024.02.02-07.55.22:254][  0]LogConfig: Setting CVar [[r.Shadow.CSM.TransitionScale:1.0]]
[2024.02.02-07.55.22:254][  0]LogConfig: Setting CVar [[r.Shadow.PreShadowResolutionFactor:1.0]]
[2024.02.02-07.55.22:254][  0]LogConfig: Setting CVar [[r.DistanceFieldShadowing:1]]
[2024.02.02-07.55.22:254][  0]LogConfig: Setting CVar [[r.DistanceFieldAO:1]]
[2024.02.02-07.55.22:254][  0]LogConfig: Setting CVar [[r.AOQuality:2]]
[2024.02.02-07.55.22:254][  0]LogConfig: Setting CVar [[r.VolumetricFog:1]]
[2024.02.02-07.55.22:254][  0]LogConfig: Setting CVar [[r.VolumetricFog.GridPixelSize:8]]
[2024.02.02-07.55.22:254][  0]LogConfig: Setting CVar [[r.VolumetricFog.GridSizeZ:128]]
[2024.02.02-07.55.22:254][  0]LogConfig: Setting CVar [[r.VolumetricFog.HistoryMissSupersampleCount:4]]
[2024.02.02-07.55.22:254][  0]LogConfig: Setting CVar [[r.LightMaxDrawDistanceScale:1]]
[2024.02.02-07.55.22:254][  0]LogConfig: Setting CVar [[r.CapsuleShadows:1]]
[2024.02.02-07.55.22:254][  0]LogConfig: Applying CVar settings from Section [PostProcessQuality@2] File [D:/My2Project_git/Saved/Config/Windows/Scalability.ini]
[2024.02.02-07.55.22:254][  0]LogConfig: Setting CVar [[r.MotionBlurQuality:3]]
[2024.02.02-07.55.22:254][  0]LogConfig: Setting CVar [[r.AmbientOcclusionMipLevelFactor:0.6]]
[2024.02.02-07.55.22:254][  0]LogConfig: Setting CVar [[r.AmbientOcclusionMaxQuality:100]]
[2024.02.02-07.55.22:254][  0]LogConfig: Setting CVar [[r.AmbientOcclusionLevels:-1]]
[2024.02.02-07.55.22:254][  0]LogConfig: Setting CVar [[r.AmbientOcclusionRadiusScale:1.5]]
[2024.02.02-07.55.22:254][  0]LogConfig: Setting CVar [[r.DepthOfFieldQuality:2]]
[2024.02.02-07.55.22:254][  0]LogConfig: Setting CVar [[r.RenderTargetPoolMin:400]]
[2024.02.02-07.55.22:254][  0]LogConfig: Setting CVar [[r.LensFlareQuality:2]]
[2024.02.02-07.55.22:254][  0]LogConfig: Setting CVar [[r.SceneColorFringeQuality:1]]
[2024.02.02-07.55.22:254][  0]LogConfig: Setting CVar [[r.EyeAdaptationQuality:2]]
[2024.02.02-07.55.22:254][  0]LogConfig: Setting CVar [[r.BloomQuality:5]]
[2024.02.02-07.55.22:254][  0]LogConfig: Setting CVar [[r.FastBlurThreshold:3]]
[2024.02.02-07.55.22:254][  0]LogConfig: Setting CVar [[r.Upscale.Quality:2]]
[2024.02.02-07.55.22:254][  0]LogConfig: Setting CVar [[r.Tonemapper.GrainQuantization:1]]
[2024.02.02-07.55.22:254][  0]LogConfig: Setting CVar [[r.LightShaftQuality:1]]
[2024.02.02-07.55.22:254][  0]LogConfig: Setting CVar [[r.Filter.SizeScale:0.8]]
[2024.02.02-07.55.22:254][  0]LogConfig: Setting CVar [[r.Tonemapper.Quality:5]]
[2024.02.02-07.55.22:254][  0]LogConfig: Setting CVar [[r.DOF.Gather.AccumulatorQuality:0        ; lower gathering accumulator quality]]
[2024.02.02-07.55.22:254][  0]LogConfig: Setting CVar [[r.DOF.Gather.PostfilterMethod:2          ; Max3x3 postfilering method]]
[2024.02.02-07.55.22:254][  0]LogConfig: Setting CVar [[r.DOF.Gather.EnableBokehSettings:0       ; no bokeh simulation when gathering]]
[2024.02.02-07.55.22:254][  0]LogConfig: Setting CVar [[r.DOF.Gather.RingCount:4                 ; medium number of samples when gathering]]
[2024.02.02-07.55.22:254][  0]LogConfig: Setting CVar [[r.DOF.Scatter.ForegroundCompositing:1    ; additive foreground scattering]]
[2024.02.02-07.55.22:254][  0]LogConfig: Setting CVar [[r.DOF.Scatter.BackgroundCompositing:1    ; no background occlusion]]
[2024.02.02-07.55.22:254][  0]LogConfig: Setting CVar [[r.DOF.Scatter.EnableBokehSettings:0      ; no bokeh simulation when scattering]]
[2024.02.02-07.55.22:255][  0]LogConfig: Setting CVar [[r.DOF.Scatter.MaxSpriteRatio:0.04        ; only a maximum of 4% of scattered bokeh]]
[2024.02.02-07.55.22:255][  0]LogConfig: Setting CVar [[r.DOF.Recombine.Quality:0                ; no slight out of focus]]
[2024.02.02-07.55.22:255][  0]LogConfig: Setting CVar [[r.DOF.TemporalAAQuality:0                ; faster temporal accumulation]]
[2024.02.02-07.55.22:255][  0]LogConfig: Setting CVar [[r.DOF.Kernel.MaxForegroundRadius:0.012   ; required because of AccumulatorQuality=0]]
[2024.02.02-07.55.22:255][  0]LogConfig: Setting CVar [[r.DOF.Kernel.MaxBackgroundRadius:0.012   ; required because of AccumulatorQuality=0]]
[2024.02.02-07.55.22:255][  0]LogConfig: Applying CVar settings from Section [TextureQuality@2] File [D:/My2Project_git/Saved/Config/Windows/Scalability.ini]
[2024.02.02-07.55.22:255][  0]LogConfig: Setting CVar [[r.Streaming.MipBias:0]]
[2024.02.02-07.55.22:255][  0]LogConfig: Setting CVar [[r.Streaming.AmortizeCPUToGPUCopy:0]]
[2024.02.02-07.55.22:255][  0]LogConfig: Setting CVar [[r.Streaming.MaxNumTexturesToStreamPerFrame:0]]
[2024.02.02-07.55.22:255][  0]LogConfig: Setting CVar [[r.Streaming.Boost:1]]
[2024.02.02-07.55.22:255][  0]LogConfig: Setting CVar [[r.MaxAnisotropy:4]]
[2024.02.02-07.55.22:255][  0]LogConfig: Setting CVar [[r.Streaming.LimitPoolSizeToVRAM:1]]
[2024.02.02-07.55.22:255][  0]LogConfig: Setting CVar [[r.Streaming.PoolSize:800]]
[2024.02.02-07.55.22:255][  0]LogConfig: Setting CVar [[r.Streaming.MaxEffectiveScreenSize:0]]
[2024.02.02-07.55.22:255][  0]LogConfig: Applying CVar settings from Section [EffectsQuality@3] File [D:/My2Project_git/Saved/Config/Windows/Scalability.ini]
[2024.02.02-07.55.22:255][  0]LogConfig: Setting CVar [[r.TranslucencyLightingVolumeDim:64]]
[2024.02.02-07.55.22:255][  0]LogConfig: Setting CVar [[r.RefractionQuality:2]]
[2024.02.02-07.55.22:255][  0]LogConfig: Setting CVar [[r.SSR.Quality:3]]
[2024.02.02-07.55.22:255][  0]LogConfig: Setting CVar [[r.SceneColorFormat:4]]
[2024.02.02-07.55.22:255][  0]LogConfig: Setting CVar [[r.DetailMode:2]]
[2024.02.02-07.55.22:255][  0]LogConfig: Setting CVar [[r.TranslucencyVolumeBlur:1]]
[2024.02.02-07.55.22:255][  0]LogConfig: Setting CVar [[r.MaterialQualityLevel:1 ; High quality]]
[2024.02.02-07.55.22:255][  0]LogConfig: Setting CVar [[r.SSS.Scale:1]]
[2024.02.02-07.55.22:255][  0]LogConfig: Setting CVar [[r.SSS.SampleSet:2]]
[2024.02.02-07.55.22:255][  0]LogConfig: Setting CVar [[r.SSS.Quality:1]]
[2024.02.02-07.55.22:255][  0]LogConfig: Setting CVar [[r.SSS.HalfRes:1]]
[2024.02.02-07.55.22:255][  0]LogConfig: Setting CVar [[r.EmitterSpawnRateScale:1.0]]
[2024.02.02-07.55.22:255][  0]LogConfig: Setting CVar [[r.ParticleLightQuality:2]]
[2024.02.02-07.55.22:255][  0]LogConfig: Applying CVar settings from Section [FoliageQuality@2] File [D:/My2Project_git/Saved/Config/Windows/Scalability.ini]
[2024.02.02-07.55.22:255][  0]LogConfig: Setting CVar [[foliage.DensityScale:0.8]]
[2024.02.02-07.55.22:255][  0]LogConfig: Setting CVar [[grass.DensityScale:0.8]]
[2024.02.02-07.55.22:256][  0]LogConfig: Applying CVar settings from Section [Startup] File [../../../Engine/Config/ConsoleVariables.ini]
[2024.02.02-07.55.22:256][  0]LogConfig: Setting CVar [[net.UseAdaptiveNetUpdateFrequency:0]]
[2024.02.02-07.55.22:256][  0]LogConfig: Setting CVar [[p.chaos.AllowCreatePhysxBodies:1]]
[2024.02.02-07.55.22:256][  0]LogConfig: Applying CVar settings from Section [ConsoleVariables] File [D:/My2Project_git/Saved/Config/Windows/Engine.ini]
[2024.02.02-07.55.22:256][  0]LogInit: Computer: LAPTOP-SU5LHTFL
[2024.02.02-07.55.22:256][  0]LogInit: User: Admin
[2024.02.02-07.55.22:256][  0]LogInit: CPU Page size=4096, Cores=6
[2024.02.02-07.55.22:256][  0]LogInit: High frequency timer resolution =10.000000 MHz
[2024.02.02-07.55.22:257][  0]LogMemory: Memory total: Physical=7.4GB (8GB approx)
[2024.02.02-07.55.22:257][  0]LogMemory: Platform Memory Stats for Windows
[2024.02.02-07.55.22:257][  0]LogMemory: Process Physical Memory: 98.01 MB used, 98.01 MB peak
[2024.02.02-07.55.22:257][  0]LogMemory: Process Virtual Memory: 92.35 MB used, 92.35 MB peak
[2024.02.02-07.55.22:257][  0]LogMemory: Physical Memory: 4660.35 MB used,  2888.95 MB free, 7549.30 MB total
[2024.02.02-07.55.22:257][  0]LogMemory: Virtual Memory: 4642.46 MB used,  134213088.00 MB free, 134217728.00 MB total
[2024.02.02-07.55.22:285][  0]LogInit: Using OS detected language (ru-RU).
[2024.02.02-07.55.22:286][  0]LogInit: Using OS detected locale (ru-RU).
[2024.02.02-07.55.22:286][  0]LogTextLocalizationManager: No specific localization for 'ru-RU' exists, so the 'ru' localization will be used.
[2024.02.02-07.55.22:286][  0]LogTextLocalizationResource: LocRes '../../../Engine/Content/Localization/Editor/ru/Editor.locres' could not be opened for reading!
[2024.02.02-07.55.22:286][  0]LogTextLocalizationResource: LocRes '../../../Engine/Content/Localization/EditorTutorials/ru/EditorTutorials.locres' could not be opened for reading!
[2024.02.02-07.55.22:286][  0]LogTextLocalizationResource: LocRes '../../../Engine/Content/Localization/Keywords/ru/Keywords.locres' could not be opened for reading!
[2024.02.02-07.55.22:286][  0]LogTextLocalizationResource: LocRes '../../../Engine/Content/Localization/Category/ru/Category.locres' could not be opened for reading!
[2024.02.02-07.55.22:286][  0]LogTextLocalizationResource: LocRes '../../../Engine/Content/Localization/ToolTips/ru/ToolTips.locres' could not be opened for reading!
[2024.02.02-07.55.22:286][  0]LogTextLocalizationResource: LocRes '../../../Engine/Content/Localization/PropertyNames/ru/PropertyNames.locres' could not be opened for reading!
[2024.02.02-07.55.22:287][  0]LogTextLocalizationResource: LocRes '../../../Engine/Content/Localization/Engine/ru/Engine.locres' could not be opened for reading!
[2024.02.02-07.55.22:287][  0]LogInit: Setting process to per monitor DPI aware
[2024.02.02-07.55.22:310][  0]LogSlate: New Slate User Created.  User Index 0, Is Virtual User: 0
[2024.02.02-07.55.22:311][  0]LogSlate: Slate User Registered.  User Index 0, Is Virtual User: 0
[2024.02.02-07.55.22:443][  0]LogHMD: Failed to initialize OpenVR with code 110
[2024.02.02-07.55.22:443][  0]LogD3D11RHI: D3D11 adapters:
[2024.02.02-07.55.22:473][  0]LogD3D11RHI:    0. 'AMD Radeon(TM) Graphics' (Feature Level 11_0)
[2024.02.02-07.55.22:473][  0]LogD3D11RHI:       496/0/3774 MB DedicatedVideo/DedicatedSystem/SharedSystem, Outputs:1, VendorId:0x1002
[2024.02.02-07.55.22:475][  0]LogD3D11RHI:    1. 'Microsoft Basic Render Driver' (Feature Level 11_0)
[2024.02.02-07.55.22:475][  0]LogD3D11RHI:       0/0/3774 MB DedicatedVideo/DedicatedSystem/SharedSystem, Outputs:0, VendorId:0x1414
[2024.02.02-07.55.22:475][  0]LogD3D11RHI: Chosen D3D11 Adapter: 0
[2024.02.02-07.55.22:480][  0]LogD3D11RHI: Creating new Direct3DDevice
[2024.02.02-07.55.22:480][  0]LogD3D11RHI:     GPU DeviceId: 0x1636 (for the marketing name, search the web for "GPU Device Id")
[2024.02.02-07.55.22:480][  0]LogWindows: EnumDisplayDevices:
[2024.02.02-07.55.22:480][  0]LogWindows:    0. 'AMD Radeon(TM) Graphics' (P:1 D:1)
[2024.02.02-07.55.22:481][  0]LogWindows:    1. 'AMD Radeon(TM) Graphics' (P:0 D:0)
[2024.02.02-07.55.22:481][  0]LogWindows:    2. 'AMD Radeon(TM) Graphics' (P:0 D:0)
[2024.02.02-07.55.22:481][  0]LogWindows:    3. 'AMD Radeon(TM) Graphics' (P:0 D:0)
[2024.02.02-07.55.22:481][  0]LogWindows: DebugString: FoundDriverCount:4 
[2024.02.02-07.55.22:481][  0]LogD3D11RHI:     Adapter Name: AMD Radeon(TM) Graphics
[2024.02.02-07.55.22:481][  0]LogD3D11RHI:   Driver Version: Adrenalin 20.10.32.01 (internal:27.20.11032.1001, unified:27.20.11032.1001)
[2024.02.02-07.55.22:481][  0]LogD3D11RHI:      Driver Date: 8-28-2020
[2024.02.02-07.55.22:481][  0]LogRHI: Texture pool is 347 MB (70% of 496 MB)
[2024.02.02-07.55.22:507][  0]LogD3D11RHI: Async texture creation enabled
[2024.02.02-07.55.22:511][  0]LogRendererCore: FGlobalReadBuffer::InitRHI
[2024.02.02-07.55.22:512][  0]LogRendererCore: FGlobalReadBuffer::InitRHI
[2024.02.02-07.55.22:512][  0]LogRendererCore: FGlobalReadBuffer::InitRHI
[2024.02.02-07.55.22:522][  0]LogD3D11RHI: GPU Timing Frequency: 100.000000 (Debug: 2 1)
[2024.02.02-07.55.22:743][  0]LogTemp: Display: Module 'AllDesktopTargetPlatform' loaded TargetPlatform 'AllDesktop'
[2024.02.02-07.55.22:754][  0]LogTemp: Display: Module 'MacClientTargetPlatform' loaded TargetPlatform 'MacClient'
[2024.02.02-07.55.22:766][  0]LogTemp: Display: Module 'MacNoEditorTargetPlatform' loaded TargetPlatform 'MacNoEditor'
[2024.02.02-07.55.22:777][  0]LogTemp: Display: Module 'MacServerTargetPlatform' loaded TargetPlatform 'MacServer'
[2024.02.02-07.55.22:789][  0]LogTemp: Display: Module 'MacTargetPlatform' loaded TargetPlatform 'Mac'
[2024.02.02-07.55.22:800][  0]LogTemp: Display: Module 'WindowsClientTargetPlatform' loaded TargetPlatform 'WindowsClient'
[2024.02.02-07.55.22:812][  0]LogTemp: Display: Module 'WindowsNoEditorTargetPlatform' loaded TargetPlatform 'WindowsNoEditor'
[2024.02.02-07.55.22:823][  0]LogTemp: Display: Module 'WindowsServerTargetPlatform' loaded TargetPlatform 'WindowsServer'
[2024.02.02-07.55.22:828][  0]LogTemp: Display: Module 'WindowsTargetPlatform' loaded TargetPlatform 'Windows'
[2024.02.02-07.55.22:901][  0]LogTemp: Display: Module 'AndroidTargetPlatform' loaded TargetPlatform 'Android'
[2024.02.02-07.55.22:901][  0]LogTemp: Display: Module 'AndroidTargetPlatform' loaded TargetPlatform 'Android_ASTC'
[2024.02.02-07.55.22:901][  0]LogTemp: Display: Module 'AndroidTargetPlatform' loaded TargetPlatform 'Android_ATC'
[2024.02.02-07.55.22:901][  0]LogTemp: Display: Module 'AndroidTargetPlatform' loaded TargetPlatform 'Android_DXT'
[2024.02.02-07.55.22:901][  0]LogTemp: Display: Module 'AndroidTargetPlatform' loaded TargetPlatform 'Android_ETC1'
[2024.02.02-07.55.22:901][  0]LogTemp: Display: Module 'AndroidTargetPlatform' loaded TargetPlatform 'Android_ETC1a'
[2024.02.02-07.55.22:901][  0]LogTemp: Display: Module 'AndroidTargetPlatform' loaded TargetPlatform 'Android_ETC2'
[2024.02.02-07.55.22:901][  0]LogTemp: Display: Module 'AndroidTargetPlatform' loaded TargetPlatform 'Android_PVRTC'
[2024.02.02-07.55.22:901][  0]LogTemp: Display: Module 'AndroidTargetPlatform' loaded TargetPlatform 'AndroidClient'
[2024.02.02-07.55.22:901][  0]LogTemp: Display: Module 'AndroidTargetPlatform' loaded TargetPlatform 'Android_ASTCClient'
[2024.02.02-07.55.22:901][  0]LogTemp: Display: Module 'AndroidTargetPlatform' loaded TargetPlatform 'Android_ATCClient'
[2024.02.02-07.55.22:901][  0]LogTemp: Display: Module 'AndroidTargetPlatform' loaded TargetPlatform 'Android_DXTClient'
[2024.02.02-07.55.22:901][  0]LogTemp: Display: Module 'AndroidTargetPlatform' loaded TargetPlatform 'Android_ETC1Client'
[2024.02.02-07.55.22:901][  0]LogTemp: Display: Module 'AndroidTargetPlatform' loaded TargetPlatform 'Android_ETC1aClient'
[2024.02.02-07.55.22:901][  0]LogTemp: Display: Module 'AndroidTargetPlatform' loaded TargetPlatform 'Android_ETC2Client'
[2024.02.02-07.55.22:901][  0]LogTemp: Display: Module 'AndroidTargetPlatform' loaded TargetPlatform 'Android_PVRTCClient'
[2024.02.02-07.55.22:901][  0]LogTemp: Display: Module 'AndroidTargetPlatform' loaded TargetPlatform 'Android_Multi'
[2024.02.02-07.55.22:901][  0]LogTemp: Display: Module 'AndroidTargetPlatform' loaded TargetPlatform 'Android_MultiClient'
[2024.02.02-07.55.22:903][  0]LogTemp: Display: Module 'HTML5TargetPlatform' loaded TargetPlatform 'HTML5'
[2024.02.02-07.55.22:948][  0]LogTemp: Display: Module 'IOSTargetPlatform' loaded TargetPlatform 'IOSClient'
[2024.02.02-07.55.22:948][  0]LogTemp: Display: Module 'IOSTargetPlatform' loaded TargetPlatform 'IOS'
[2024.02.02-07.55.22:969][  0]LogTemp: Display: Module 'TVOSTargetPlatform' loaded TargetPlatform 'TVOSClient'
[2024.02.02-07.55.22:969][  0]LogTemp: Display: Module 'TVOSTargetPlatform' loaded TargetPlatform 'TVOS'
[2024.02.02-07.55.22:979][  0]LogTemp: Display: Module 'LinuxClientTargetPlatform' loaded TargetPlatform 'LinuxClient'
[2024.02.02-07.55.22:990][  0]LogTemp: Display: Module 'LinuxNoEditorTargetPlatform' loaded TargetPlatform 'LinuxNoEditor'
[2024.02.02-07.55.23:001][  0]LogTemp: Display: Module 'LinuxServerTargetPlatform' loaded TargetPlatform 'LinuxServer'
[2024.02.02-07.55.23:013][  0]LogTemp: Display: Module 'LinuxTargetPlatform' loaded TargetPlatform 'Linux'
[2024.02.02-07.55.23:052][  0]LogTemp: Display: Module 'LuminTargetPlatform' loaded TargetPlatform 'Lumin'
[2024.02.02-07.55.23:052][  0]LogTemp: Display: Module 'LuminTargetPlatform' loaded TargetPlatform 'LuminClient'
[2024.02.02-07.55.23:052][  0]LogTargetPlatformManager: Display: Building Assets For Windows
[2024.02.02-07.55.23:058][  0]LogAudioDebug: Display: Lib vorbis DLL was dynamically loaded.
[2024.02.02-07.55.23:088][  0]LogShaderCompilers: Guid format shader working directory is 17 characters bigger than the processId version (../../../../../My2Project_git/Intermediate/Shaders/WorkingDirectory/8916/).
[2024.02.02-07.55.23:088][  0]LogShaderCompilers: Cleaned the shader compiler working directory 'C:/Users/Admin/AppData/Local/Temp/UnrealShaderWorkingDir/3D7E1CF2414B396A249956B8C2E7E60D/'.
[2024.02.02-07.55.23:089][  0]LogXGEController: Cannot use XGE Controller as Incredibuild is not installed on this machine.
[2024.02.02-07.55.23:089][  0]LogShaderCompilers: Cannot use XGE Shader Compiler as Incredibuild is not installed on this machine.
[2024.02.02-07.55.23:089][  0]LogShaderCompilers: Display: Using Local Shader Compiler.
[2024.02.02-07.55.23:521][  0]LogDerivedDataCache: Display: Max Cache Size: 512 MB
[2024.02.02-07.55.23:574][  0]LogDerivedDataCache: Loaded boot cache 0.05s 71MB C:/Users/Admin/AppData/Local/UnrealEngine/4.22/DerivedDataCache/Boot.ddc.
[2024.02.02-07.55.23:574][  0]LogDerivedDataCache: Display: Loaded Boot cache: C:/Users/Admin/AppData/Local/UnrealEngine/4.22/DerivedDataCache/Boot.ddc
[2024.02.02-07.55.23:574][  0]LogDerivedDataCache: FDerivedDataBackendGraph:  Pak pak cache file ../../../../../My2Project_git/DerivedDataCache/DDC.ddp not found, will not use a pak cache.
[2024.02.02-07.55.23:574][  0]LogDerivedDataCache: Unable to find inner node Pak for hierarchical cache Hierarchy.
[2024.02.02-07.55.23:574][  0]LogDerivedDataCache: FDerivedDataBackendGraph:  CompressedPak pak cache file ../../../../../My2Project_git/DerivedDataCache/Compressed.ddp not found, will not use a pak cache.
[2024.02.02-07.55.23:574][  0]LogDerivedDataCache: Unable to find inner node CompressedPak for hierarchical cache Hierarchy.
[2024.02.02-07.55.23:587][  0]LogDerivedDataCache: Display: Pak cache opened for reading ../../../Engine/DerivedDataCache/Compressed.ddp.
[2024.02.02-07.55.23:587][  0]LogDerivedDataCache: FDerivedDataBackendGraph:  EnterprisePak pak cache file ../../../Enterprise/DerivedDataCache/Compressed.ddp not found, will not use a pak cache.
[2024.02.02-07.55.23:587][  0]LogDerivedDataCache: Unable to find inner node EnterprisePak for hierarchical cache Hierarchy.
[2024.02.02-07.55.23:598][  0]LogDerivedDataCache: Using Local data cache path C:/Users/Admin/AppData/Local/UnrealEngine/Common/DerivedDataCache: Writable
[2024.02.02-07.55.23:598][  0]LogDerivedDataCache: Shared data cache path not found in *engine.ini, will not use an Shared cache.
[2024.02.02-07.55.23:598][  0]LogDerivedDataCache: Unable to find inner node Shared for hierarchical cache Hierarchy.
[2024.02.02-07.55.23:618][  0]LogMaterial: Verifying Global Shaders for PCD3D_SM5
[2024.02.02-07.55.23:619][  0]LogSlate: Using FreeType 2.6.0
[2024.02.02-07.55.23:620][  0]LogSlate: SlateFontServices - WITH_FREETYPE: 1, WITH_HARFBUZZ: 1
[2024.02.02-07.55.23:693][  0]LogAssetRegistry: FAssetRegistry took 0.0325 seconds to start up
[2024.02.02-07.55.24:001][  0]LogInit: Selected Device Profile: [Windows]
[2024.02.02-07.55.24:109][  0]LogMeshReduction: Using QuadricMeshReduction for automatic static mesh reduction
[2024.02.02-07.55.24:109][  0]LogMeshReduction: Using SimplygonMeshReduction for automatic skeletal mesh reduction
[2024.02.02-07.55.24:109][  0]LogMeshReduction: Using ProxyLODMeshReduction for automatic mesh merging
[2024.02.02-07.55.24:109][  0]LogMeshReduction: No distributed automatic mesh merging module available
[2024.02.02-07.55.24:109][  0]LogMeshMerging: No distributed automatic mesh merging module available
[2024.02.02-07.55.24:117][  0]LogNetVersion: My2Project_git 1.0.0, NetCL: 5660361, EngineNetVer: 10, GameNetVer: 0 (Checksum: 799687345)
[2024.02.02-07.55.24:451][  0]LogPackageLocalizationCache: Processed 10 localized package path(s) for 1 prioritized culture(s) in 0.029927 seconds
[2024.02.02-07.55.24:459][  0]LogUObjectArray: 42205 objects as part of root set at end of initial load.
[2024.02.02-07.55.24:459][  0]LogUObjectAllocator: 7325032 out of 0 bytes used by permanent object pool.
[2024.02.02-07.55.24:459][  0]LogUObjectArray: CloseDisregardForGC: 0/0 objects in disregard for GC pool
[2024.02.02-07.55.25:101][  0]LogTcpMessaging: Initializing TcpMessaging bridge
[2024.02.02-07.55.25:120][  0]LogUdpMessaging: Initializing bridge on interface 0.0.0.0:0 to multicast group 230.0.0.1:6666.
[2024.02.02-07.55.25:223][  0]SourceControl: Source control is disabled
[2024.02.02-07.55.25:223][  0]SourceControl: Source control is disabled
[2024.02.02-07.55.25:224][  0]SourceControl: Source control is disabled
[2024.02.02-07.55.25:225][  0]SourceControl: Source control is disabled
[2024.02.02-07.55.25:233][  0]LogVSAccessor: Display: Unable to create Visual Studio setup instance: 80040154
[2024.02.02-07.55.25:234][  0]LogVSAccessor: Display: Unable to create Visual Studio setup instance: 80040154
[2024.02.02-07.55.25:296][  0]LogAndroidPermission: UAndroidPermissionCallbackProxy::GetInstance
[2024.02.02-07.55.25:391][  0]LogOcInput: OculusInput pre-init called
[2024.02.02-07.55.25:936][  0]LogEngine: Initializing Engine...
[2024.02.02-07.55.25:937][  0]LogHMD: Failed to initialize OpenVR with code 110
[2024.02.02-07.55.25:938][  0]LogStats: UGameplayTagsManager::InitializeManager -  0.000 s
[2024.02.02-07.55.26:110][  0]LogInit: Initializing FReadOnlyCVARCache
[2024.02.02-07.55.26:120][  0]LogAIModule: Creating AISystem for world Untitled
[2024.02.02-07.55.26:141][  0]LogInit: XAudio2 using 'Динамики (Realtek(R) Audio)' : 2 channels at 48 kHz using 32 bits per sample (channel mask 0x3)
[2024.02.02-07.55.26:424][  0]LogInit: FAudioDevice initialized.
[2024.02.02-07.55.26:424][  0]LogNetVersion: Set ProjectVersion to 1.0.0.0. Version Checksum will be recalculated on next use.
[2024.02.02-07.55.26:480][  0]LogDerivedDataCache: Saved boot cache 0.05s 71MB C:/Users/Admin/AppData/Local/UnrealEngine/4.22/DerivedDataCache/Boot.ddc.
[2024.02.02-07.55.26:484][  0]LogInit: Texture streaming: Enabled
[2024.02.02-07.55.26:497][  0]LogEngineSessionManager: EngineSessionManager initialized
[2024.02.02-07.55.26:512][  0]LogInit: Transaction tracking system initialized
[2024.02.02-07.55.26:526][  0]BlueprintLog: New page: Editor Load
[2024.02.02-07.55.26:613][  0]LocalizationService: Localization service is disabled
[2024.02.02-07.55.26:737][  0]LogVSAccessor: Display: Unable to create Visual Studio setup instance: 80040154
[2024.02.02-07.55.26:738][  0]LogVSAccessor: Display: Unable to create Visual Studio setup instance: 80040154
[2024.02.02-07.55.26:866][  0]LogFileCache: Scanning file cache for directory 'D:/My2Project_git/Content/' took 0.01s
[2024.02.02-07.55.26:866][  0]LogCook: Display: Max memory allowance for cook 16384mb min free memory 0mb
[2024.02.02-07.55.26:866][  0]LogCook: Display: Mobile HDR setting 1
[2024.02.02-07.55.27:016][  0]SourceControl: Source control is disabled
[2024.02.02-07.55.27:016][  0]Cmd: MAP LOAD FILE="../../../../../My2Project_git/Content/FirstPersonBP/Maps/FirstPersonExampleMap.umap" TEMPLATE=0 SHOWPROGRESS=1 FEATURELEVEL=3
[2024.02.02-07.55.27:016][  0]LightingResults: New page: Lighting Build
[2024.02.02-07.55.27:018][  0]MapCheck: New page: Map Check
[2024.02.02-07.55.27:018][  0]LightingResults: New page: Lighting Build
[2024.02.02-07.55.27:044][  0]LogUObjectHash: Compacting FUObjectHashTables data took   1.60ms
[2024.02.02-07.55.27:347][  0]LogAIModule: Creating AISystem for world FirstPersonExampleMap
[2024.02.02-07.55.27:365][  0]LogEditorServer: Finished looking for orphan Actors (0.000 secs)
[2024.02.02-07.55.27:392][  0]LogUObjectHash: Compacting FUObjectHashTables data took   2.03ms
[2024.02.02-07.55.27:392][  0]Cmd: MAP CHECKDEP NOCLEARLOG
[2024.02.02-07.55.27:392][  0]MapCheck: Map check complete: 0 Error(s), 0 Warning(s), took 0,117ms to complete.
[2024.02.02-07.55.27:392][  0]LogFileHelpers: Loading map 'FirstPersonExampleMap' took 0.377
[2024.02.02-07.55.27:510][  0]LogSlate: Updating window title bar state: overlay mode, drag disabled, window buttons hidden, title bar hidden
[2024.02.02-07.55.27:517][  0]LogSlate: Updating window title bar state: overlay mode, drag disabled, window buttons hidden, title bar hidden
[2024.02.02-07.55.27:524][  0]LogSlate: Updating window title bar state: overlay mode, drag disabled, window buttons hidden, title bar hidden
[2024.02.02-07.55.27:530][  0]LogSlate: Updating window title bar state: overlay mode, drag disabled, window buttons hidden, title bar hidden
[2024.02.02-07.55.27:544][  0]LogCollectionManager: Loaded 0 collections in 0.000715 seconds
[2024.02.02-07.55.27:596][  0]LogFileCache: Scanning file cache for directory 'D:/My2Project_git/Saved/Collections/' took 0.01s
[2024.02.02-07.55.27:596][  0]LogFileCache: Scanning file cache for directory 'D:/My2Project_git/Content/Developers/Admin/Collections/' took 0.01s
[2024.02.02-07.55.27:596][  0]LogFileCache: Scanning file cache for directory 'D:/My2Project_git/Content/Collections/' took 0.01s
[2024.02.02-07.55.27:596][  0]LogCollectionManager: Rebuilt the GUID cache for 0 collections in 0.000000 seconds
[2024.02.02-07.55.27:606][  0]LogContentBrowser: Native class hierarchy populated in 0.0089 seconds. Added 2732 classes and 659 folders.
[2024.02.02-07.55.27:612][  0]LogContentBrowser: Native class hierarchy updated for 'WidgetCarousel' in 0.0002 seconds. Added 0 classes and 0 folders.
[2024.02.02-07.55.27:613][  0]LogPakFile: Registered encryption key '00000000000000000000000000000000': 0 pak files mounted, 0 remain pending
[2024.02.02-07.55.27:613][  0]LogPakFile: Registered encryption key '00000000000000000000000000000000': 0 pak files mounted, 0 remain pending
[2024.02.02-07.55.27:614][  0]LogPakFile: Registered encryption key '00000000000000000000000000000000': 0 pak files mounted, 0 remain pending
[2024.02.02-07.55.27:614][  0]LogPakFile: Registered encryption key '00000000000000000000000000000000': 0 pak files mounted, 0 remain pending
[2024.02.02-07.55.27:614][  0]LogPakFile: Registered encryption key '00000000000000000000000000000000': 0 pak files mounted, 0 remain pending
[2024.02.02-07.55.27:615][  0]LogPakFile: Registered encryption key '00000000000000000000000000000000': 0 pak files mounted, 0 remain pending
[2024.02.02-07.55.27:615][  0]LogPakFile: Registered encryption key '00000000000000000000000000000000': 0 pak files mounted, 0 remain pending
[2024.02.02-07.55.27:615][  0]LogPakFile: Registered encryption key '00000000000000000000000000000000': 0 pak files mounted, 0 remain pending
[2024.02.02-07.55.27:616][  0]LogPakFile: Registered encryption key '00000000000000000000000000000000': 0 pak files mounted, 0 remain pending
[2024.02.02-07.55.27:616][  0]LogPakFile: Registered encryption key '00000000000000000000000000000000': 0 pak files mounted, 0 remain pending
[2024.02.02-07.55.27:616][  0]LogPakFile: Registered encryption key '00000000000000000000000000000000': 0 pak files mounted, 0 remain pending
[2024.02.02-07.55.27:617][  0]LogPakFile: Registered encryption key '00000000000000000000000000000000': 0 pak files mounted, 0 remain pending
[2024.02.02-07.55.27:617][  0]LogPakFile: Registered encryption key '00000000000000000000000000000000': 0 pak files mounted, 0 remain pending
[2024.02.02-07.55.27:617][  0]LogPakFile: Registered encryption key '00000000000000000000000000000000': 0 pak files mounted, 0 remain pending
[2024.02.02-07.55.27:618][  0]LogPakFile: Registered encryption key '00000000000000000000000000000000': 0 pak files mounted, 0 remain pending
[2024.02.02-07.55.27:618][  0]LogPakFile: Registered encryption key '00000000000000000000000000000000': 0 pak files mounted, 0 remain pending
[2024.02.02-07.55.27:618][  0]LogPakFile: Registered encryption key '00000000000000000000000000000000': 0 pak files mounted, 0 remain pending
[2024.02.02-07.55.27:619][  0]LogPakFile: Registered encryption key '00000000000000000000000000000000': 0 pak files mounted, 0 remain pending
[2024.02.02-07.55.27:619][  0]LogPakFile: Registered encryption key '00000000000000000000000000000000': 0 pak files mounted, 0 remain pending
[2024.02.02-07.55.27:619][  0]LogPakFile: Registered encryption key '00000000000000000000000000000000': 0 pak files mounted, 0 remain pending
[2024.02.02-07.55.27:619][  0]LogPakFile: Registered encryption key '00000000000000000000000000000000': 0 pak files mounted, 0 remain pending
[2024.02.02-07.55.27:620][  0]LogPakFile: Registered encryption key '00000000000000000000000000000000': 0 pak files mounted, 0 remain pending
[2024.02.02-07.55.27:620][  0]LogPakFile: Registered encryption key '00000000000000000000000000000000': 0 pak files mounted, 0 remain pending
[2024.02.02-07.55.27:621][  0]LogPakFile: Registered encryption key '00000000000000000000000000000000': 0 pak files mounted, 0 remain pending
[2024.02.02-07.55.27:621][  0]LogPakFile: Registered encryption key '00000000000000000000000000000000': 0 pak files mounted, 0 remain pending
[2024.02.02-07.55.27:621][  0]LogPakFile: Registered encryption key '00000000000000000000000000000000': 0 pak files mounted, 0 remain pending
[2024.02.02-07.55.27:638][  0]LogContentBrowser: Native class hierarchy updated for 'AddContentDialog' in 0.0002 seconds. Added 0 classes and 0 folders.
[2024.02.02-07.55.27:668][  0]LogContentBrowser: Native class hierarchy updated for 'SceneOutliner' in 0.0003 seconds. Added 1 classes and 2 folders.
[2024.02.02-07.55.27:782][  0]LogSlate: Took 0.000169 seconds to synchronously load lazily loaded font '../../../Engine/Content/Slate/Fonts/Roboto-Regular.ttf' (155K)
[2024.02.02-07.55.27:785][  0]LogSlate: Took 0.000176 seconds to synchronously load lazily loaded font '../../../Engine/Content/Slate/Fonts/Roboto-Bold.ttf' (160K)
[2024.02.02-07.55.27:794][  0]LogSlate: Took 0.005387 seconds to synchronously load lazily loaded font '../../../Engine/Content/Editor/Slate/Fonts/FontAwesome.ttf' (139K)
[2024.02.02-07.55.27:895][  0]LogRenderer: Reallocating scene render targets to support 768x336 Format 10 NumSamples 1 (Frame:1).
[2024.02.02-07.55.28:071][  0]LogContentBrowser: Native class hierarchy updated for 'HierarchicalLODOutliner' in 0.0003 seconds. Added 0 classes and 0 folders.
[2024.02.02-07.55.28:071][  0]LogLoad: (Engine Initialization) Total time: 7.05 seconds
[2024.02.02-07.55.28:071][  0]LogLoad: (Engine Initialization) Total Blueprint compile time: 0.00 seconds
[2024.02.02-07.55.28:101][  0]LogContentStreaming: Texture pool size now 800 MB
[2024.02.02-07.55.28:133][  0]LogSlate: Took 0.000164 seconds to synchronously load lazily loaded font '../../../Engine/Content/Slate/Fonts/Roboto-Light.ttf' (167K)
[2024.02.02-07.55.37:590][923]LogAssetRegistry: Asset discovery search completed in 13.9195 seconds
[2024.02.02-07.55.37:593][923]LogCollectionManager: Rebuilt the object cache for 0 collections in 0.000001 seconds (found 0 objects)
[2024.02.02-07.55.37:593][923]LogCollectionManager: Fixed up redirectors for 0 collections in 0.000114 seconds (updated 0 objects)
[2024.02.02-07.55.56:606][836]LogSlate: FSceneViewport::OnFocusLost() reason 0
[2024.02.02-07.55.56:708][847]LogSlate: Took 0.000188 seconds to synchronously load lazily loaded font '../../../Engine/Content/Slate/Fonts/Roboto-Light.ttf' (167K)
[2024.02.02-07.55.56:746][847]LogUObjectHash: Compacting FUObjectHashTables data took   0.62ms
[2024.02.02-07.55.56:907][847]LogSavePackage: Moving '../../../../../My2Project_git/Saved/FirstPersonExampleMap8CCC3A344C38C9DDB5857E977BA88D85.tmp' to '../../../../../My2Project_git/Content/FirstPersonBP/Maps/FirstPersonExampleMap.umap'
[2024.02.02-07.55.56:917][847]Cmd: OBJ SAVEPACKAGE PACKAGE="/Game/FirstPersonBP/Maps/FirstPersonExampleMap_BuiltData" FILE="../../../../../My2Project_git/Content/FirstPersonBP/Maps/FirstPersonExampleMap_BuiltData.uasset" SILENT=true
[2024.02.02-07.55.57:719][847]LogSavePackage: Moving '../../../../../My2Project_git/Saved/FirstPersonExampleMap_BuiltData933F0EAE4D552160F25D9993D021A83E.tmp' to '../../../../../My2Project_git/Content/FirstPersonBP/Maps/FirstPersonExampleMap_BuiltData.uasset'
[2024.02.02-07.57.00:740][810]LogWindows: Warning: CreateProc failed: Не удается найти указанный файл. (0x00000002)
[2024.02.02-07.57.00:740][810]LogWindows: Warning: URL: C:/Program Files/Git/bin/git.exe version
[2024.02.02-07.57.00:740][810]LogWindows: Warning: CreateProc failed: Не удается найти указанный файл. (0x00000002)
[2024.02.02-07.57.00:740][810]LogWindows: Warning: URL: C:/Program Files (x86)/Git/bin/git.exe version
[2024.02.02-07.57.00:740][810]LogWindows: Warning: CreateProc failed: Не удается найти указанный файл. (0x00000002)
[2024.02.02-07.57.00:740][810]LogWindows: Warning: URL: C:\Users\Admin\AppData\Local/Programs/Git/cmd/git.exe version
[2024.02.02-07.57.00:740][810]LogWindows: Warning: CreateProc failed: Не удается найти указанный файл. (0x00000002)
[2024.02.02-07.57.00:740][810]LogWindows: Warning: URL: C:/Program Files (x86)/SmartGit/git/bin/git.exe version
[2024.02.02-07.57.00:740][810]LogWindows: Warning: CreateProc failed: Не удается найти указанный файл. (0x00000002)
[2024.02.02-07.57.00:740][810]LogWindows: Warning: URL: C:/Program Files (x86)/SmartGit/bin/git.exe version
[2024.02.02-07.57.00:741][810]LogWindows: Warning: CreateProc failed: Не удается найти указанный файл. (0x00000002)
[2024.02.02-07.57.00:741][810]LogWindows: Warning: URL: C:\Users\Admin\AppData\Local/Atlassian/SourceTree/git_local/bin/git.exe version
[2024.02.02-07.57.00:741][810]LogWindows: Warning: CreateProc failed: Не удается найти указанный файл. (0x00000002)
[2024.02.02-07.57.00:741][810]LogWindows: Warning: URL: C:/Program Files (x86)/fournova/Tower/vendor/Git/bin/git.exe version
[2024.02.02-07.57.35:249][283]LogWindows: Warning: CreateProc failed: Не удается найти указанный файл. (0x00000002)
[2024.02.02-07.57.35:249][283]LogWindows: Warning: URL: D:/Unreal Engine/UE_4.22/Engine/Binaries/Win64/ version
[2024.02.02-07.57.41:812][769]LogWindows: Warning: CreateProc failed: Не удается найти указанный файл. (0x00000002)
[2024.02.02-07.57.41:812][769]LogWindows: Warning: URL: D:/Unreal Engine/UE_4.22/Engine/Binaries/Win64/ version
[2024.02.02-07.57.41:812][769]SourceControl: Error: Failed to enable Git source control. You need to install Git and specify a valid path to git executable.
[2024.02.02-07.57.50:010][366]SourceControl: Source control is disabled
[2024.02.02-07.57.50:010][366]LogSlate: Window 'Source Control Login' being destroyed
[2024.02.02-07.57.56:675][ 18]LogWindows: Warning: CreateProc failed: Не удается найти указанный файл. (0x00000002)
[2024.02.02-07.57.56:675][ 18]LogWindows: Warning: URL: D:/Unreal Engine/UE_4.22/Engine/Binaries/Win64/ version
[2024.02.02-07.57.59:642][241]LogWindows: Warning: CreateProc failed: Не удается найти указанный файл. (0x00000002)
[2024.02.02-07.57.59:642][241]LogWindows: Warning: URL: D:/Unreal Engine/UE_4.22/Engine/Binaries/Win64/ version
[2024.02.02-07.57.59:642][241]SourceControl: Error: Failed to enable Git source control. You need to install Git and specify a valid path to git executable.
[2024.02.02-07.59.28:082][954]LogUnrealEdMisc: Warning: Heartbeat event firing too frequently (19.424 sec). This should never happen. Something is wrong with the timer delegate!
[2024.02.02-07.59.44:888][254]LogWindows: Warning: CreateProc failed: Не удается найти указанный файл. (0x00000002)
[2024.02.02-07.59.44:888][254]LogWindows: Warning: URL: D:/Unreal Engine/UE_4.22/Engine/Binaries/Win64/ version
[2024.02.02-07.59.44:888][254]SourceControl: Error: Failed to enable Git source control. You need to install Git and specify a valid path to git executable.
[2024.02.02-08.00.24:001][316]SourceControl: Error: Failed to enable Git source control. You need to install Git and specify a valid path to git executable.
[2024.02.02-08.01.28:379][563]LogUnrealEdMisc: Warning: Heartbeat event firing too frequently (38.122 sec). This should never happen. Something is wrong with the timer delegate!
