Log file open, 02/02/24 18:29:39
LogWindows: Failed to load 'aqProf.dll' (GetLastError=126)
LogWindows: File 'aqProf.dll' does not exist
LogWindows: Failed to load 'VtuneApi.dll' (GetLastError=126)
LogWindows: File 'VtuneApi.dll' does not exist
LogWindows: Failed to load 'VtuneApi32e.dll' (GetLastError=126)
LogWindows: File 'VtuneApi32e.dll' does not exist
LogConsoleResponse: Display: Failed to find resolution value strings in scalability ini. Falling back to default.
LogInit: Display: Running engine for game: My2Project_git
LogPakFile: Registered encryption key '00000000000000000000000000000000': 0 pak files mounted, 0 remain pending
LogPlatformFile: Not using cached read wrapper
LogTaskGraph: Started task graph with 5 named threads and 20 total threads with 3 sets of task threads.
LogStats: Stats thread started at 0.307275
LogD3D11RHI: Loaded GFSDK_Aftermath_Lib.x64.dll
LogICUInternationalization: ICU TimeZone Detection - Raw Offset: +10:00, Platform Override: ''
LogPluginManager: Mounting plugin Paper2D
LogPluginManager: Mounting plugin AISupport
LogPluginManager: Mounting plugin LightPropagationVolume
LogPluginManager: Mounting plugin ActorLayerUtilities
LogPluginManager: Mounting plugin AnimationSharing
LogPluginManager: Mounting plugin CLionSourceCodeAccess
LogPluginManager: Mounting plugin CodeLiteSourceCodeAccess
LogPluginManager: Mounting plugin GitSourceControl
LogPluginManager: Mounting plugin KDevelopSourceCodeAccess
LogPluginManager: Mounting plugin NullSourceCodeAccess
LogPluginManager: Mounting plugin PerforceSourceControl
LogPluginManager: Mounting plugin SubversionSourceControl
LogPluginManager: Mounting plugin UObjectPlugin
LogPluginManager: Mounting plugin VisualStudioCodeSourceCodeAccess
LogPluginManager: Mounting plugin VisualStudioSourceCodeAccess
LogPluginManager: Mounting plugin XCodeSourceCodeAccess
LogPluginManager: Mounting plugin AssetManagerEditor
LogPluginManager: Mounting plugin CryptoKeys
LogPluginManager: Mounting plugin DataValidation
LogPluginManager: Mounting plugin FacialAnimation
LogPluginManager: Mounting plugin GameplayTagsEditor
LogPluginManager: Mounting plugin MacGraphicsSwitching
LogPluginManager: Mounting plugin MaterialAnalyzer
LogPluginManager: Mounting plugin MobileLauncherProfileWizard
LogPluginManager: Mounting plugin PluginBrowser
LogPluginManager: Mounting plugin SpeedTreeImporter
LogPluginManager: Mounting plugin DatasmithContent
LogPluginManager: Mounting plugin VariantManagerContent
LogPluginManager: Mounting plugin AlembicImporter
LogPluginManager: Mounting plugin AppleImageUtils
LogPluginManager: Mounting plugin AppleVision
LogPluginManager: Mounting plugin BackChannel
LogPluginManager: Mounting plugin CharacterAI
LogPluginManager: Mounting plugin GeometryCache
LogPluginManager: Mounting plugin HTML5Networking
LogPluginManager: Mounting plugin ProxyLODPlugin
LogPluginManager: Mounting plugin SkeletalReduction
LogPluginManager: Mounting plugin MagicLeap
LogPluginManager: Mounting plugin MagicLeapMedia
LogPluginManager: Mounting plugin AndroidMedia
LogPluginManager: Mounting plugin AvfMedia
LogPluginManager: Mounting plugin ImgMedia
LogPluginManager: Mounting plugin LinearTimecode
LogPluginManager: Mounting plugin MediaCompositing
LogPluginManager: Mounting plugin MediaPlayerEditor
LogPluginManager: Mounting plugin WebMMedia
LogPluginManager: Mounting plugin WmfMedia
LogPluginManager: Mounting plugin TcpMessaging
LogPluginManager: Mounting plugin UdpMessaging
LogPluginManager: Mounting plugin ActorSequence
LogPluginManager: Mounting plugin LevelSequenceEditor
LogPluginManager: Mounting plugin MatineeToLevelSequence
LogPluginManager: Mounting plugin NetcodeUnitTest
LogPluginManager: Mounting plugin NUTUnrealEngine4
LogPluginManager: Mounting plugin OnlineSubsystemGooglePlay
LogPluginManager: Mounting plugin OnlineSubsystemIOS
LogPluginManager: Mounting plugin OnlineSubsystem
LogPluginManager: Mounting plugin OnlineSubsystemNull
LogPluginManager: Mounting plugin OnlineSubsystemUtils
LogPluginManager: Mounting plugin LauncherChunkInstaller
LogPluginManager: Mounting plugin AndroidDeviceProfileSelector
LogPluginManager: Mounting plugin AndroidMoviePlayer
LogPluginManager: Mounting plugin AndroidPermission
LogPluginManager: Mounting plugin AppleMoviePlayer
LogPluginManager: Mounting plugin ArchVisCharacter
LogPluginManager: Mounting plugin AudioCapture
LogPluginManager: Mounting plugin CableComponent
LogPluginManager: Mounting plugin CustomMeshComponent
LogPluginManager: Mounting plugin EditableMesh
LogPluginManager: Mounting plugin ExampleDeviceProfileSelector
LogPluginManager: Mounting plugin Firebase
LogPluginManager: Mounting plugin GoogleCloudMessaging
LogPluginManager: Mounting plugin IOSDeviceProfileSelector
LogPluginManager: Mounting plugin LinuxDeviceProfileSelector
LogPluginManager: Mounting plugin LocationServicesBPLibrary
LogPluginManager: Mounting plugin MobilePatchingUtils
LogPluginManager: Mounting plugin OculusVR
LogPluginManager: Mounting plugin PhysXVehicles
LogPluginManager: Mounting plugin ProceduralMeshComponent
LogPluginManager: Mounting plugin RuntimePhysXCooking
LogPluginManager: Mounting plugin SignificanceManager
LogPluginManager: Mounting plugin SteamVR
LogPluginManager: Mounting plugin WebMMoviePlayer
LogPluginManager: Mounting plugin WindowsMoviePlayer
LogInit: Using libcurl 7.55.1-DEV
LogInit:  - built for x86_64-pc-win32
LogInit:  - supports SSL with OpenSSL/1.1.1
LogInit:  - supports HTTP deflate (compression) using libz 1.2.8
LogInit:  - other features:
LogInit:      CURL_VERSION_SSL
LogInit:      CURL_VERSION_LIBZ
LogInit:      CURL_VERSION_IPV6
LogInit:      CURL_VERSION_ASYNCHDNS
LogInit:      CURL_VERSION_LARGEFILE
LogInit:      CURL_VERSION_IDN
LogInit:  CurlRequestOptions (configurable via config and command line):
LogInit:  - bVerifyPeer = true  - Libcurl will verify peer certificate
LogInit:  - bUseHttpProxy = false  - Libcurl will NOT use HTTP proxy
LogInit:  - bDontReuseConnections = false  - Libcurl will reuse connections
LogInit:  - MaxHostConnections = 16  - Libcurl will limit the number of connections to a host
LogInit:  - LocalHostAddr = Default
LogInit:  - BufferSize = 65536
LogInit: WinSock: version 1.1 (2.2), MaxSocks=32767, MaxUdp=65467
LogInit: Build: ++UE4+Release-4.22-CL-7053642
LogInit: Engine Version: 4.22.3-7053642+++UE4+Release-4.22
LogInit: Compatible Engine Version: 4.22.0-5660361+++UE4+Release-4.22
LogInit: Net CL: 5660361
LogInit: OS: Windows 10 (Release 2009) (), CPU: AMD Ryzen 5 4500U with Radeon Graphics         , GPU: AMD Radeon(TM) Graphics
LogInit: Compiled (64-bit): Jun 18 2019 03:09:11
LogInit: Compiled with Visual C++: 19.16.27025.01
LogInit: Build Configuration: Development
LogInit: Branch Name: ++UE4+Release-4.22
LogInit: Command Line: 
LogInit: Base Directory: D:/Unreal Engine/UE_4.22/Engine/Binaries/Win64/
LogInit: Installed Engine Build: 1
LogDevObjectVersion: Number of dev versions registered: 23
LogDevObjectVersion:   Dev-Blueprints (B0D832E4-1F89-4F0D-ACCF-7EB736FD4AA2): 10
LogDevObjectVersion:   Dev-Build (E1C64328-A22C-4D53-A36C-8E866417BD8C): 0
LogDevObjectVersion:   Dev-Core (375EC13C-06E4-48FB-B500-84F0262A717E): 3
LogDevObjectVersion:   Dev-Editor (E4B068ED-F494-42E9-A231-DA0B2E46BB41): 30
LogDevObjectVersion:   Dev-Framework (CFFC743F-43B0-4480-9391-14DF171D2073): 35
LogDevObjectVersion:   Dev-Mobile (B02B49B5-BB20-44E9-A304-32B752E40360): 2
LogDevObjectVersion:   Dev-Networking (A4E4105C-59A1-49B5-A7C5-40C4547EDFEE): 0
LogDevObjectVersion:   Dev-Online (39C831C9-5AE6-47DC-9A44-9C173E1C8E7C): 0
LogDevObjectVersion:   Dev-Physics (78F01B33-EBEA-4F98-B9B4-84EACCB95AA2): 0
LogDevObjectVersion:   Dev-Platform (6631380F-2D4D-43E0-8009-CF276956A95A): 0
LogDevObjectVersion:   Dev-Rendering (12F88B9F-8875-4AFC-A67C-D90C383ABD29): 28
LogDevObjectVersion:   Dev-Sequencer (7B5AE74C-D270-4C10-A958-57980B212A5A): 11
LogDevObjectVersion:   Dev-VR (D7296918-1DD6-4BDD-9DE2-64A83CC13884): 2
LogDevObjectVersion:   Dev-LoadTimes (C2A15278-BFE7-4AFE-6C17-90FF531DF755): 1
LogDevObjectVersion:   Private-Geometry (6EACA3D4-40EC-4CC1-B786-8BED09428FC5): 3
LogDevObjectVersion:   Dev-AnimPhys (29E575DD-E0A3-4627-9D10-D276232CDCEA): 17
LogDevObjectVersion:   Dev-Anim (AF43A65D-7FD3-4947-9873-3E8ED9C1BB05): 2
LogDevObjectVersion:   Dev-ReflectionCapture (6B266CEC-1EC7-4B8F-A30B-E4D90942FC07): 1
LogDevObjectVersion:   Dev-Automation (0DF73D61-A23F-47EA-B727-89E90C41499A): 1
LogDevObjectVersion:   FortniteMain (601D1886-AC64-4F84-AA16-D3DE0DEAC7D6): 25
LogDevObjectVersion:   Dev-Enterprise (9DFFBCD6-494F-0158-E221-12823C92A888): 6
LogDevObjectVersion:   Dev-Niagara (F2AED0AC-9AFE-416F-8664-AA7FFA26D6FC): 1
LogDevObjectVersion:   Dev-Destruction (174F1F0B-B4C6-45A5-B13F-2EE8D0FB917D): 2
LogInit: Presizing for max 16777216 objects, including 0 objects not considered by GC, pre-allocating 0 bytes for permanent pool.
LogInit: Object subsystem initialized
LogConfig: Setting CVar [[con.DebugEarlyDefault:1]]
LogConfig: Setting CVar [[r.setres:1280x720]]
[2024.02.02-08.29.39:818][  0]LogConfig: Setting CVar [[r.VSync:0]]
[2024.02.02-08.29.39:818][  0]LogConfig: Setting CVar [[r.RHICmdBypass:0]]
[2024.02.02-08.29.39:818][  0]LogConfig: Applying CVar settings from Section [/Script/Engine.RendererSettings] File [D:/My2Project_git/Saved/Config/Windows/Engine.ini]
[2024.02.02-08.29.39:818][  0]LogConfig: Setting CVar [[r.GPUCrashDebugging:0]]
[2024.02.02-08.29.39:818][  0]LogConfig: Applying CVar settings from Section [/Script/Engine.RendererOverrideSettings] File [D:/My2Project_git/Saved/Config/Windows/Engine.ini]
[2024.02.02-08.29.39:818][  0]LogConfig: Applying CVar settings from Section [/Script/Engine.StreamingSettings] File [D:/My2Project_git/Saved/Config/Windows/Engine.ini]
[2024.02.02-08.29.39:818][  0]LogConfig: Setting CVar [[s.MinBulkDataSizeForAsyncLoading:131072]]
[2024.02.02-08.29.39:818][  0]LogConfig: Setting CVar [[s.AsyncLoadingThreadEnabled:0]]
[2024.02.02-08.29.39:818][  0]LogConfig: Setting CVar [[s.EventDrivenLoaderEnabled:1]]
[2024.02.02-08.29.39:819][  0]LogConfig: Setting CVar [[s.WarnIfTimeLimitExceeded:0]]
[2024.02.02-08.29.39:819][  0]LogConfig: Setting CVar [[s.TimeLimitExceededMultiplier:1.5]]
[2024.02.02-08.29.39:819][  0]LogConfig: Setting CVar [[s.TimeLimitExceededMinTime:0.005]]
[2024.02.02-08.29.39:819][  0]LogConfig: Setting CVar [[s.UseBackgroundLevelStreaming:1]]
[2024.02.02-08.29.39:819][  0]LogConfig: Setting CVar [[s.PriorityAsyncLoadingExtraTime:15.0]]
[2024.02.02-08.29.39:819][  0]LogConfig: Setting CVar [[s.LevelStreamingActorsUpdateTimeLimit:5.0]]
[2024.02.02-08.29.39:819][  0]LogConfig: Setting CVar [[s.PriorityLevelStreamingActorsUpdateExtraTime:5.0]]
[2024.02.02-08.29.39:819][  0]LogConfig: Setting CVar [[s.LevelStreamingComponentsRegistrationGranularity:10]]
[2024.02.02-08.29.39:819][  0]LogConfig: Setting CVar [[s.UnregisterComponentsTimeLimit:1.0]]
[2024.02.02-08.29.39:819][  0]LogConfig: Setting CVar [[s.LevelStreamingComponentsUnregistrationGranularity:5]]
[2024.02.02-08.29.39:819][  0]LogConfig: Applying CVar settings from Section [/Script/Engine.GarbageCollectionSettings] File [D:/My2Project_git/Saved/Config/Windows/Engine.ini]
[2024.02.02-08.29.39:819][  0]LogConfig: Setting CVar [[gc.MaxObjectsNotConsideredByGC:1]]
[2024.02.02-08.29.39:819][  0]LogConfig: Setting CVar [[gc.SizeOfPermanentObjectPool:0]]
[2024.02.02-08.29.39:819][  0]LogConfig: Setting CVar [[gc.FlushStreamingOnGC:0]]
[2024.02.02-08.29.39:819][  0]LogConfig: Setting CVar [[gc.NumRetriesBeforeForcingGC:10]]
[2024.02.02-08.29.39:819][  0]LogConfig: Setting CVar [[gc.AllowParallelGC:1]]
[2024.02.02-08.29.39:819][  0]LogConfig: Setting CVar [[gc.TimeBetweenPurgingPendingKillObjects:61.1]]
[2024.02.02-08.29.39:819][  0]LogConfig: Setting CVar [[gc.MaxObjectsInEditor:16777216]]
[2024.02.02-08.29.39:819][  0]LogConfig: Setting CVar [[gc.IncrementalBeginDestroyEnabled:1]]
[2024.02.02-08.29.39:819][  0]LogConfig: Setting CVar [[gc.CreateGCClusters:1]]
[2024.02.02-08.29.39:819][  0]LogConfig: Setting CVar [[gc.MinGCClusterSize:5]]
[2024.02.02-08.29.39:819][  0]LogConfig: Setting CVar [[gc.ActorClusteringEnabled:0]]
[2024.02.02-08.29.39:819][  0]LogConfig: Setting CVar [[gc.BlueprintClusteringEnabled:0]]
[2024.02.02-08.29.39:819][  0]LogConfig: Setting CVar [[gc.UseDisregardForGCOnDedicatedServers:0]]
[2024.02.02-08.29.39:819][  0]LogConfig: Applying CVar settings from Section [/Script/Engine.NetworkSettings] File [D:/My2Project_git/Saved/Config/Windows/Engine.ini]
[2024.02.02-08.29.39:819][  0]LogConfig: Applying CVar settings from Section [/Script/UnrealEd.CookerSettings] File [D:/My2Project_git/Saved/Config/Windows/Engine.ini]
[2024.02.02-08.29.39:822][  0]LogConfig: Applying CVar settings from Section [ViewDistanceQuality@3] File [D:/My2Project_git/Saved/Config/Windows/Scalability.ini]
[2024.02.02-08.29.39:822][  0]LogConfig: Setting CVar [[r.SkeletalMeshLODBias:0]]
[2024.02.02-08.29.39:822][  0]LogConfig: Setting CVar [[r.ViewDistanceScale:1.0]]
[2024.02.02-08.29.39:822][  0]LogConfig: Applying CVar settings from Section [AntiAliasingQuality@3] File [D:/My2Project_git/Saved/Config/Windows/Scalability.ini]
[2024.02.02-08.29.39:822][  0]LogConfig: Setting CVar [[r.PostProcessAAQuality:4]]
[2024.02.02-08.29.39:822][  0]LogConfig: Applying CVar settings from Section [ShadowQuality@3] File [D:/My2Project_git/Saved/Config/Windows/Scalability.ini]
[2024.02.02-08.29.39:822][  0]LogConfig: Setting CVar [[r.LightFunctionQuality:1]]
[2024.02.02-08.29.39:822][  0]LogConfig: Setting CVar [[r.ShadowQuality:5]]
[2024.02.02-08.29.39:822][  0]LogConfig: Setting CVar [[r.Shadow.CSM.MaxCascades:10]]
[2024.02.02-08.29.39:822][  0]LogConfig: Setting CVar [[r.Shadow.MaxResolution:2048]]
[2024.02.02-08.29.39:822][  0]LogConfig: Setting CVar [[r.Shadow.MaxCSMResolution:2048]]
[2024.02.02-08.29.39:822][  0]LogConfig: Setting CVar [[r.Shadow.RadiusThreshold:0.01]]
[2024.02.02-08.29.39:822][  0]LogConfig: Setting CVar [[r.Shadow.DistanceScale:1.0]]
[2024.02.02-08.29.39:822][  0]LogConfig: Setting CVar [[r.Shadow.CSM.TransitionScale:1.0]]
[2024.02.02-08.29.39:822][  0]LogConfig: Setting CVar [[r.Shadow.PreShadowResolutionFactor:1.0]]
[2024.02.02-08.29.39:822][  0]LogConfig: Setting CVar [[r.DistanceFieldShadowing:1]]
[2024.02.02-08.29.39:822][  0]LogConfig: Setting CVar [[r.DistanceFieldAO:1]]
[2024.02.02-08.29.39:822][  0]LogConfig: Setting CVar [[r.AOQuality:2]]
[2024.02.02-08.29.39:822][  0]LogConfig: Setting CVar [[r.VolumetricFog:1]]
[2024.02.02-08.29.39:822][  0]LogConfig: Setting CVar [[r.VolumetricFog.GridPixelSize:8]]
[2024.02.02-08.29.39:822][  0]LogConfig: Setting CVar [[r.VolumetricFog.GridSizeZ:128]]
[2024.02.02-08.29.39:822][  0]LogConfig: Setting CVar [[r.VolumetricFog.HistoryMissSupersampleCount:4]]
[2024.02.02-08.29.39:822][  0]LogConfig: Setting CVar [[r.LightMaxDrawDistanceScale:1]]
[2024.02.02-08.29.39:822][  0]LogConfig: Setting CVar [[r.CapsuleShadows:1]]
[2024.02.02-08.29.39:822][  0]LogConfig: Applying CVar settings from Section [PostProcessQuality@3] File [D:/My2Project_git/Saved/Config/Windows/Scalability.ini]
[2024.02.02-08.29.39:822][  0]LogConfig: Setting CVar [[r.MotionBlurQuality:4]]
[2024.02.02-08.29.39:822][  0]LogConfig: Setting CVar [[r.AmbientOcclusionMipLevelFactor:0.4]]
[2024.02.02-08.29.39:822][  0]LogConfig: Setting CVar [[r.AmbientOcclusionMaxQuality:100]]
[2024.02.02-08.29.39:822][  0]LogConfig: Setting CVar [[r.AmbientOcclusionLevels:-1]]
[2024.02.02-08.29.39:822][  0]LogConfig: Setting CVar [[r.AmbientOcclusionRadiusScale:1.0]]
[2024.02.02-08.29.39:822][  0]LogConfig: Setting CVar [[r.DepthOfFieldQuality:2]]
[2024.02.02-08.29.39:822][  0]LogConfig: Setting CVar [[r.RenderTargetPoolMin:400]]
[2024.02.02-08.29.39:822][  0]LogConfig: Setting CVar [[r.LensFlareQuality:2]]
[2024.02.02-08.29.39:822][  0]LogConfig: Setting CVar [[r.SceneColorFringeQuality:1]]
[2024.02.02-08.29.39:822][  0]LogConfig: Setting CVar [[r.EyeAdaptationQuality:2]]
[2024.02.02-08.29.39:822][  0]LogConfig: Setting CVar [[r.BloomQuality:5]]
[2024.02.02-08.29.39:822][  0]LogConfig: Setting CVar [[r.FastBlurThreshold:100]]
[2024.02.02-08.29.39:822][  0]LogConfig: Setting CVar [[r.Upscale.Quality:3]]
[2024.02.02-08.29.39:822][  0]LogConfig: Setting CVar [[r.Tonemapper.GrainQuantization:1]]
[2024.02.02-08.29.39:822][  0]LogConfig: Setting CVar [[r.LightShaftQuality:1]]
[2024.02.02-08.29.39:822][  0]LogConfig: Setting CVar [[r.Filter.SizeScale:1]]
[2024.02.02-08.29.39:822][  0]LogConfig: Setting CVar [[r.Tonemapper.Quality:5]]
[2024.02.02-08.29.39:822][  0]LogConfig: Setting CVar [[r.DOF.Gather.AccumulatorQuality:1        ; higher gathering accumulator quality]]
[2024.02.02-08.29.39:822][  0]LogConfig: Setting CVar [[r.DOF.Gather.PostfilterMethod:1          ; Median3x3 postfilering method]]
[2024.02.02-08.29.39:822][  0]LogConfig: Setting CVar [[r.DOF.Gather.EnableBokehSettings:0       ; no bokeh simulation when gathering]]
[2024.02.02-08.29.39:822][  0]LogConfig: Setting CVar [[r.DOF.Gather.RingCount:4                 ; medium number of samples when gathering]]
[2024.02.02-08.29.39:822][  0]LogConfig: Setting CVar [[r.DOF.Scatter.ForegroundCompositing:1    ; additive foreground scattering]]
[2024.02.02-08.29.39:822][  0]LogConfig: Setting CVar [[r.DOF.Scatter.BackgroundCompositing:2    ; additive background scattering]]
[2024.02.02-08.29.39:822][  0]LogConfig: Setting CVar [[r.DOF.Scatter.EnableBokehSettings:1      ; bokeh simulation when scattering]]
[2024.02.02-08.29.39:822][  0]LogConfig: Setting CVar [[r.DOF.Scatter.MaxSpriteRatio:0.1         ; only a maximum of 10% of scattered bokeh]]
[2024.02.02-08.29.39:822][  0]LogConfig: Setting CVar [[r.DOF.Recombine.Quality:1                ; cheap slight out of focus]]
[2024.02.02-08.29.39:822][  0]LogConfig: Setting CVar [[r.DOF.Recombine.EnableBokehSettings:0    ; no bokeh simulation on slight out of focus]]
[2024.02.02-08.29.39:822][  0]LogConfig: Setting CVar [[r.DOF.TemporalAAQuality:1                ; more stable temporal accumulation]]
[2024.02.02-08.29.39:822][  0]LogConfig: Setting CVar [[r.DOF.Kernel.MaxForegroundRadius:0.025]]
[2024.02.02-08.29.39:822][  0]LogConfig: Setting CVar [[r.DOF.Kernel.MaxBackgroundRadius:0.025]]
[2024.02.02-08.29.39:822][  0]LogConfig: Applying CVar settings from Section [TextureQuality@3] File [D:/My2Project_git/Saved/Config/Windows/Scalability.ini]
[2024.02.02-08.29.39:822][  0]LogConfig: Setting CVar [[r.Streaming.MipBias:0]]
[2024.02.02-08.29.39:822][  0]LogConfig: Setting CVar [[r.Streaming.AmortizeCPUToGPUCopy:0]]
[2024.02.02-08.29.39:822][  0]LogConfig: Setting CVar [[r.Streaming.MaxNumTexturesToStreamPerFrame:0]]
[2024.02.02-08.29.39:822][  0]LogConfig: Setting CVar [[r.Streaming.Boost:1]]
[2024.02.02-08.29.39:822][  0]LogConfig: Setting CVar [[r.MaxAnisotropy:8]]
[2024.02.02-08.29.39:822][  0]LogConfig: Setting CVar [[r.Streaming.LimitPoolSizeToVRAM:0]]
[2024.02.02-08.29.39:822][  0]LogConfig: Setting CVar [[r.Streaming.PoolSize:1000]]
[2024.02.02-08.29.39:822][  0]LogConfig: Setting CVar [[r.Streaming.MaxEffectiveScreenSize:0]]
[2024.02.02-08.29.39:822][  0]LogConfig: Applying CVar settings from Section [EffectsQuality@3] File [D:/My2Project_git/Saved/Config/Windows/Scalability.ini]
[2024.02.02-08.29.39:822][  0]LogConfig: Setting CVar [[r.TranslucencyLightingVolumeDim:64]]
[2024.02.02-08.29.39:822][  0]LogConfig: Setting CVar [[r.RefractionQuality:2]]
[2024.02.02-08.29.39:822][  0]LogConfig: Setting CVar [[r.SSR.Quality:3]]
[2024.02.02-08.29.39:822][  0]LogConfig: Setting CVar [[r.SceneColorFormat:4]]
[2024.02.02-08.29.39:822][  0]LogConfig: Setting CVar [[r.DetailMode:2]]
[2024.02.02-08.29.39:822][  0]LogConfig: Setting CVar [[r.TranslucencyVolumeBlur:1]]
[2024.02.02-08.29.39:822][  0]LogConfig: Setting CVar [[r.MaterialQualityLevel:1 ; High quality]]
[2024.02.02-08.29.39:822][  0]LogConfig: Setting CVar [[r.SSS.Scale:1]]
[2024.02.02-08.29.39:822][  0]LogConfig: Setting CVar [[r.SSS.SampleSet:2]]
[2024.02.02-08.29.39:822][  0]LogConfig: Setting CVar [[r.SSS.Quality:1]]
[2024.02.02-08.29.39:822][  0]LogConfig: Setting CVar [[r.SSS.HalfRes:1]]
[2024.02.02-08.29.39:822][  0]LogConfig: Setting CVar [[r.EmitterSpawnRateScale:1.0]]
[2024.02.02-08.29.39:822][  0]LogConfig: Setting CVar [[r.ParticleLightQuality:2]]
[2024.02.02-08.29.39:822][  0]LogConfig: Applying CVar settings from Section [FoliageQuality@3] File [D:/My2Project_git/Saved/Config/Windows/Scalability.ini]
[2024.02.02-08.29.39:822][  0]LogConfig: Setting CVar [[foliage.DensityScale:1.0]]
[2024.02.02-08.29.39:822][  0]LogConfig: Setting CVar [[grass.DensityScale:1.0]]
[2024.02.02-08.29.39:822][  0]LogInit: Selected Device Profile: [Windows]
[2024.02.02-08.29.39:822][  0]LogInit: Applying CVar settings loaded from the selected device profile: [Windows]
[2024.02.02-08.29.39:829][  0]LogHAL: Display: Platform has ~ 8 GB [7916019712 / 8589934592 / 8], which maps to Default [LargestMinGB=32, LargerMinGB=12, DefaultMinGB=8, SmallerMinGB=6, SmallestMinGB=0)
[2024.02.02-08.29.39:829][  0]LogConfig: Setting CVar [[r.Vulkan.UseRealUBs:0		; Required until we fix HLR fall-out]]
[2024.02.02-08.29.39:829][  0]LogInit: Going up to parent DeviceProfile []
[2024.02.02-08.29.39:829][  0]LogConfig: Applying CVar settings from Section [ViewDistanceQuality@2] File [D:/My2Project_git/Saved/Config/Windows/Scalability.ini]
[2024.02.02-08.29.39:829][  0]LogConfig: Setting CVar [[r.SkeletalMeshLODBias:0]]
[2024.02.02-08.29.39:829][  0]LogConfig: Setting CVar [[r.ViewDistanceScale:0.8]]
[2024.02.02-08.29.39:829][  0]LogConfig: Applying CVar settings from Section [AntiAliasingQuality@2] File [D:/My2Project_git/Saved/Config/Windows/Scalability.ini]
[2024.02.02-08.29.39:829][  0]LogConfig: Setting CVar [[r.PostProcessAAQuality:3]]
[2024.02.02-08.29.39:829][  0]LogConfig: Applying CVar settings from Section [ShadowQuality@3] File [D:/My2Project_git/Saved/Config/Windows/Scalability.ini]
[2024.02.02-08.29.39:829][  0]LogConfig: Setting CVar [[r.LightFunctionQuality:1]]
[2024.02.02-08.29.39:829][  0]LogConfig: Setting CVar [[r.ShadowQuality:5]]
[2024.02.02-08.29.39:829][  0]LogConfig: Setting CVar [[r.Shadow.CSM.MaxCascades:10]]
[2024.02.02-08.29.39:829][  0]LogConfig: Setting CVar [[r.Shadow.MaxResolution:2048]]
[2024.02.02-08.29.39:829][  0]LogConfig: Setting CVar [[r.Shadow.MaxCSMResolution:2048]]
[2024.02.02-08.29.39:829][  0]LogConfig: Setting CVar [[r.Shadow.RadiusThreshold:0.01]]
[2024.02.02-08.29.39:829][  0]LogConfig: Setting CVar [[r.Shadow.DistanceScale:1.0]]
[2024.02.02-08.29.39:829][  0]LogConfig: Setting CVar [[r.Shadow.CSM.TransitionScale:1.0]]
[2024.02.02-08.29.39:829][  0]LogConfig: Setting CVar [[r.Shadow.PreShadowResolutionFactor:1.0]]
[2024.02.02-08.29.39:829][  0]LogConfig: Setting CVar [[r.DistanceFieldShadowing:1]]
[2024.02.02-08.29.39:829][  0]LogConfig: Setting CVar [[r.DistanceFieldAO:1]]
[2024.02.02-08.29.39:829][  0]LogConfig: Setting CVar [[r.AOQuality:2]]
[2024.02.02-08.29.39:829][  0]LogConfig: Setting CVar [[r.VolumetricFog:1]]
[2024.02.02-08.29.39:829][  0]LogConfig: Setting CVar [[r.VolumetricFog.GridPixelSize:8]]
[2024.02.02-08.29.39:829][  0]LogConfig: Setting CVar [[r.VolumetricFog.GridSizeZ:128]]
[2024.02.02-08.29.39:829][  0]LogConfig: Setting CVar [[r.VolumetricFog.HistoryMissSupersampleCount:4]]
[2024.02.02-08.29.39:829][  0]LogConfig: Setting CVar [[r.LightMaxDrawDistanceScale:1]]
[2024.02.02-08.29.39:829][  0]LogConfig: Setting CVar [[r.CapsuleShadows:1]]
[2024.02.02-08.29.39:829][  0]LogConfig: Applying CVar settings from Section [PostProcessQuality@2] File [D:/My2Project_git/Saved/Config/Windows/Scalability.ini]
[2024.02.02-08.29.39:830][  0]LogConfig: Setting CVar [[r.MotionBlurQuality:3]]
[2024.02.02-08.29.39:830][  0]LogConfig: Setting CVar [[r.AmbientOcclusionMipLevelFactor:0.6]]
[2024.02.02-08.29.39:830][  0]LogConfig: Setting CVar [[r.AmbientOcclusionMaxQuality:100]]
[2024.02.02-08.29.39:830][  0]LogConfig: Setting CVar [[r.AmbientOcclusionLevels:-1]]
[2024.02.02-08.29.39:830][  0]LogConfig: Setting CVar [[r.AmbientOcclusionRadiusScale:1.5]]
[2024.02.02-08.29.39:830][  0]LogConfig: Setting CVar [[r.DepthOfFieldQuality:2]]
[2024.02.02-08.29.39:830][  0]LogConfig: Setting CVar [[r.RenderTargetPoolMin:400]]
[2024.02.02-08.29.39:830][  0]LogConfig: Setting CVar [[r.LensFlareQuality:2]]
[2024.02.02-08.29.39:830][  0]LogConfig: Setting CVar [[r.SceneColorFringeQuality:1]]
[2024.02.02-08.29.39:830][  0]LogConfig: Setting CVar [[r.EyeAdaptationQuality:2]]
[2024.02.02-08.29.39:830][  0]LogConfig: Setting CVar [[r.BloomQuality:5]]
[2024.02.02-08.29.39:830][  0]LogConfig: Setting CVar [[r.FastBlurThreshold:3]]
[2024.02.02-08.29.39:830][  0]LogConfig: Setting CVar [[r.Upscale.Quality:2]]
[2024.02.02-08.29.39:830][  0]LogConfig: Setting CVar [[r.Tonemapper.GrainQuantization:1]]
[2024.02.02-08.29.39:830][  0]LogConfig: Setting CVar [[r.LightShaftQuality:1]]
[2024.02.02-08.29.39:830][  0]LogConfig: Setting CVar [[r.Filter.SizeScale:0.8]]
[2024.02.02-08.29.39:830][  0]LogConfig: Setting CVar [[r.Tonemapper.Quality:5]]
[2024.02.02-08.29.39:830][  0]LogConfig: Setting CVar [[r.DOF.Gather.AccumulatorQuality:0        ; lower gathering accumulator quality]]
[2024.02.02-08.29.39:830][  0]LogConfig: Setting CVar [[r.DOF.Gather.PostfilterMethod:2          ; Max3x3 postfilering method]]
[2024.02.02-08.29.39:830][  0]LogConfig: Setting CVar [[r.DOF.Gather.EnableBokehSettings:0       ; no bokeh simulation when gathering]]
[2024.02.02-08.29.39:830][  0]LogConfig: Setting CVar [[r.DOF.Gather.RingCount:4                 ; medium number of samples when gathering]]
[2024.02.02-08.29.39:830][  0]LogConfig: Setting CVar [[r.DOF.Scatter.ForegroundCompositing:1    ; additive foreground scattering]]
[2024.02.02-08.29.39:830][  0]LogConfig: Setting CVar [[r.DOF.Scatter.BackgroundCompositing:1    ; no background occlusion]]
[2024.02.02-08.29.39:830][  0]LogConfig: Setting CVar [[r.DOF.Scatter.EnableBokehSettings:0      ; no bokeh simulation when scattering]]
[2024.02.02-08.29.39:830][  0]LogConfig: Setting CVar [[r.DOF.Scatter.MaxSpriteRatio:0.04        ; only a maximum of 4% of scattered bokeh]]
[2024.02.02-08.29.39:830][  0]LogConfig: Setting CVar [[r.DOF.Recombine.Quality:0                ; no slight out of focus]]
[2024.02.02-08.29.39:830][  0]LogConfig: Setting CVar [[r.DOF.TemporalAAQuality:0                ; faster temporal accumulation]]
[2024.02.02-08.29.39:830][  0]LogConfig: Setting CVar [[r.DOF.Kernel.MaxForegroundRadius:0.012   ; required because of AccumulatorQuality=0]]
[2024.02.02-08.29.39:830][  0]LogConfig: Setting CVar [[r.DOF.Kernel.MaxBackgroundRadius:0.012   ; required because of AccumulatorQuality=0]]
[2024.02.02-08.29.39:830][  0]LogConfig: Applying CVar settings from Section [TextureQuality@2] File [D:/My2Project_git/Saved/Config/Windows/Scalability.ini]
[2024.02.02-08.29.39:830][  0]LogConfig: Setting CVar [[r.Streaming.MipBias:0]]
[2024.02.02-08.29.39:830][  0]LogConfig: Setting CVar [[r.Streaming.AmortizeCPUToGPUCopy:0]]
[2024.02.02-08.29.39:830][  0]LogConfig: Setting CVar [[r.Streaming.MaxNumTexturesToStreamPerFrame:0]]
[2024.02.02-08.29.39:830][  0]LogConfig: Setting CVar [[r.Streaming.Boost:1]]
[2024.02.02-08.29.39:830][  0]LogConfig: Setting CVar [[r.MaxAnisotropy:4]]
[2024.02.02-08.29.39:830][  0]LogConfig: Setting CVar [[r.Streaming.LimitPoolSizeToVRAM:1]]
[2024.02.02-08.29.39:830][  0]LogConfig: Setting CVar [[r.Streaming.PoolSize:800]]
[2024.02.02-08.29.39:830][  0]LogConfig: Setting CVar [[r.Streaming.MaxEffectiveScreenSize:0]]
[2024.02.02-08.29.39:830][  0]LogConfig: Applying CVar settings from Section [EffectsQuality@3] File [D:/My2Project_git/Saved/Config/Windows/Scalability.ini]
[2024.02.02-08.29.39:830][  0]LogConfig: Setting CVar [[r.TranslucencyLightingVolumeDim:64]]
[2024.02.02-08.29.39:830][  0]LogConfig: Setting CVar [[r.RefractionQuality:2]]
[2024.02.02-08.29.39:830][  0]LogConfig: Setting CVar [[r.SSR.Quality:3]]
[2024.02.02-08.29.39:830][  0]LogConfig: Setting CVar [[r.SceneColorFormat:4]]
[2024.02.02-08.29.39:830][  0]LogConfig: Setting CVar [[r.DetailMode:2]]
[2024.02.02-08.29.39:830][  0]LogConfig: Setting CVar [[r.TranslucencyVolumeBlur:1]]
[2024.02.02-08.29.39:830][  0]LogConfig: Setting CVar [[r.MaterialQualityLevel:1 ; High quality]]
[2024.02.02-08.29.39:830][  0]LogConfig: Setting CVar [[r.SSS.Scale:1]]
[2024.02.02-08.29.39:830][  0]LogConfig: Setting CVar [[r.SSS.SampleSet:2]]
[2024.02.02-08.29.39:830][  0]LogConfig: Setting CVar [[r.SSS.Quality:1]]
[2024.02.02-08.29.39:830][  0]LogConfig: Setting CVar [[r.SSS.HalfRes:1]]
[2024.02.02-08.29.39:830][  0]LogConfig: Setting CVar [[r.EmitterSpawnRateScale:1.0]]
[2024.02.02-08.29.39:830][  0]LogConfig: Setting CVar [[r.ParticleLightQuality:2]]
[2024.02.02-08.29.39:830][  0]LogConfig: Applying CVar settings from Section [FoliageQuality@2] File [D:/My2Project_git/Saved/Config/Windows/Scalability.ini]
[2024.02.02-08.29.39:830][  0]LogConfig: Setting CVar [[foliage.DensityScale:0.8]]
[2024.02.02-08.29.39:830][  0]LogConfig: Setting CVar [[grass.DensityScale:0.8]]
[2024.02.02-08.29.39:830][  0]LogConfig: Applying CVar settings from Section [Startup] File [../../../Engine/Config/ConsoleVariables.ini]
[2024.02.02-08.29.39:830][  0]LogConfig: Setting CVar [[net.UseAdaptiveNetUpdateFrequency:0]]
[2024.02.02-08.29.39:830][  0]LogConfig: Setting CVar [[p.chaos.AllowCreatePhysxBodies:1]]
[2024.02.02-08.29.39:830][  0]LogConfig: Applying CVar settings from Section [ConsoleVariables] File [D:/My2Project_git/Saved/Config/Windows/Engine.ini]
[2024.02.02-08.29.39:830][  0]LogInit: Computer: LAPTOP-SU5LHTFL
[2024.02.02-08.29.39:830][  0]LogInit: User: Admin
[2024.02.02-08.29.39:830][  0]LogInit: CPU Page size=4096, Cores=6
[2024.02.02-08.29.39:830][  0]LogInit: High frequency timer resolution =10.000000 MHz
[2024.02.02-08.29.39:831][  0]LogMemory: Memory total: Physical=7.4GB (8GB approx)
[2024.02.02-08.29.39:831][  0]LogMemory: Platform Memory Stats for Windows
[2024.02.02-08.29.39:831][  0]LogMemory: Process Physical Memory: 97.24 MB used, 97.25 MB peak
[2024.02.02-08.29.39:831][  0]LogMemory: Process Virtual Memory: 84.12 MB used, 84.12 MB peak
[2024.02.02-08.29.39:831][  0]LogMemory: Physical Memory: 4198.11 MB used,  3351.19 MB free, 7549.30 MB total
[2024.02.02-08.29.39:831][  0]LogMemory: Virtual Memory: 4634.46 MB used,  134213096.00 MB free, 134217728.00 MB total
[2024.02.02-08.29.39:863][  0]LogInit: Using OS detected language (ru-RU).
[2024.02.02-08.29.39:863][  0]LogInit: Using OS detected locale (ru-RU).
[2024.02.02-08.29.39:864][  0]LogTextLocalizationManager: No specific localization for 'ru-RU' exists, so the 'ru' localization will be used.
[2024.02.02-08.29.39:864][  0]LogTextLocalizationResource: LocRes '../../../Engine/Content/Localization/Editor/ru/Editor.locres' could not be opened for reading!
[2024.02.02-08.29.39:864][  0]LogTextLocalizationResource: LocRes '../../../Engine/Content/Localization/EditorTutorials/ru/EditorTutorials.locres' could not be opened for reading!
[2024.02.02-08.29.39:864][  0]LogTextLocalizationResource: LocRes '../../../Engine/Content/Localization/Keywords/ru/Keywords.locres' could not be opened for reading!
[2024.02.02-08.29.39:864][  0]LogTextLocalizationResource: LocRes '../../../Engine/Content/Localization/Category/ru/Category.locres' could not be opened for reading!
[2024.02.02-08.29.39:864][  0]LogTextLocalizationResource: LocRes '../../../Engine/Content/Localization/ToolTips/ru/ToolTips.locres' could not be opened for reading!
[2024.02.02-08.29.39:864][  0]LogTextLocalizationResource: LocRes '../../../Engine/Content/Localization/PropertyNames/ru/PropertyNames.locres' could not be opened for reading!
[2024.02.02-08.29.39:864][  0]LogTextLocalizationResource: LocRes '../../../Engine/Content/Localization/Engine/ru/Engine.locres' could not be opened for reading!
[2024.02.02-08.29.39:865][  0]LogInit: Setting process to per monitor DPI aware
[2024.02.02-08.29.39:891][  0]LogSlate: New Slate User Created.  User Index 0, Is Virtual User: 0
[2024.02.02-08.29.39:891][  0]LogSlate: Slate User Registered.  User Index 0, Is Virtual User: 0
[2024.02.02-08.29.40:021][  0]LogHMD: Failed to initialize OpenVR with code 110
[2024.02.02-08.29.40:021][  0]LogD3D11RHI: D3D11 adapters:
[2024.02.02-08.29.40:052][  0]LogD3D11RHI:    0. 'AMD Radeon(TM) Graphics' (Feature Level 11_0)
[2024.02.02-08.29.40:052][  0]LogD3D11RHI:       496/0/3774 MB DedicatedVideo/DedicatedSystem/SharedSystem, Outputs:1, VendorId:0x1002
[2024.02.02-08.29.40:054][  0]LogD3D11RHI:    1. 'Microsoft Basic Render Driver' (Feature Level 11_0)
[2024.02.02-08.29.40:054][  0]LogD3D11RHI:       0/0/3774 MB DedicatedVideo/DedicatedSystem/SharedSystem, Outputs:0, VendorId:0x1414
[2024.02.02-08.29.40:054][  0]LogD3D11RHI: Chosen D3D11 Adapter: 0
[2024.02.02-08.29.40:059][  0]LogD3D11RHI: Creating new Direct3DDevice
[2024.02.02-08.29.40:059][  0]LogD3D11RHI:     GPU DeviceId: 0x1636 (for the marketing name, search the web for "GPU Device Id")
[2024.02.02-08.29.40:059][  0]LogWindows: EnumDisplayDevices:
[2024.02.02-08.29.40:059][  0]LogWindows:    0. 'AMD Radeon(TM) Graphics' (P:1 D:1)
[2024.02.02-08.29.40:059][  0]LogWindows:    1. 'AMD Radeon(TM) Graphics' (P:0 D:0)
[2024.02.02-08.29.40:060][  0]LogWindows:    2. 'AMD Radeon(TM) Graphics' (P:0 D:0)
[2024.02.02-08.29.40:060][  0]LogWindows:    3. 'AMD Radeon(TM) Graphics' (P:0 D:0)
[2024.02.02-08.29.40:060][  0]LogWindows: DebugString: FoundDriverCount:4 
[2024.02.02-08.29.40:060][  0]LogD3D11RHI:     Adapter Name: AMD Radeon(TM) Graphics
[2024.02.02-08.29.40:060][  0]LogD3D11RHI:   Driver Version: Adrenalin 20.10.32.01 (internal:27.20.11032.1001, unified:27.20.11032.1001)
[2024.02.02-08.29.40:060][  0]LogD3D11RHI:      Driver Date: 8-28-2020
[2024.02.02-08.29.40:060][  0]LogRHI: Texture pool is 347 MB (70% of 496 MB)
[2024.02.02-08.29.40:095][  0]LogD3D11RHI: Async texture creation enabled
[2024.02.02-08.29.40:099][  0]LogRendererCore: FGlobalReadBuffer::InitRHI
[2024.02.02-08.29.40:101][  0]LogRendererCore: FGlobalReadBuffer::InitRHI
[2024.02.02-08.29.40:101][  0]LogRendererCore: FGlobalReadBuffer::InitRHI
[2024.02.02-08.29.40:109][  0]LogD3D11RHI: GPU Timing Frequency: 100.000000 (Debug: 2 1)
[2024.02.02-08.29.40:341][  0]LogTemp: Display: Module 'AllDesktopTargetPlatform' loaded TargetPlatform 'AllDesktop'
[2024.02.02-08.29.40:352][  0]LogTemp: Display: Module 'MacClientTargetPlatform' loaded TargetPlatform 'MacClient'
[2024.02.02-08.29.40:364][  0]LogTemp: Display: Module 'MacNoEditorTargetPlatform' loaded TargetPlatform 'MacNoEditor'
[2024.02.02-08.29.40:376][  0]LogTemp: Display: Module 'MacServerTargetPlatform' loaded TargetPlatform 'MacServer'
[2024.02.02-08.29.40:387][  0]LogTemp: Display: Module 'MacTargetPlatform' loaded TargetPlatform 'Mac'
[2024.02.02-08.29.40:399][  0]LogTemp: Display: Module 'WindowsClientTargetPlatform' loaded TargetPlatform 'WindowsClient'
[2024.02.02-08.29.40:411][  0]LogTemp: Display: Module 'WindowsNoEditorTargetPlatform' loaded TargetPlatform 'WindowsNoEditor'
[2024.02.02-08.29.40:423][  0]LogTemp: Display: Module 'WindowsServerTargetPlatform' loaded TargetPlatform 'WindowsServer'
[2024.02.02-08.29.40:428][  0]LogTemp: Display: Module 'WindowsTargetPlatform' loaded TargetPlatform 'Windows'
[2024.02.02-08.29.40:500][  0]LogTemp: Display: Module 'AndroidTargetPlatform' loaded TargetPlatform 'Android'
[2024.02.02-08.29.40:500][  0]LogTemp: Display: Module 'AndroidTargetPlatform' loaded TargetPlatform 'Android_ASTC'
[2024.02.02-08.29.40:500][  0]LogTemp: Display: Module 'AndroidTargetPlatform' loaded TargetPlatform 'Android_ATC'
[2024.02.02-08.29.40:500][  0]LogTemp: Display: Module 'AndroidTargetPlatform' loaded TargetPlatform 'Android_DXT'
[2024.02.02-08.29.40:500][  0]LogTemp: Display: Module 'AndroidTargetPlatform' loaded TargetPlatform 'Android_ETC1'
[2024.02.02-08.29.40:500][  0]LogTemp: Display: Module 'AndroidTargetPlatform' loaded TargetPlatform 'Android_ETC1a'
[2024.02.02-08.29.40:500][  0]LogTemp: Display: Module 'AndroidTargetPlatform' loaded TargetPlatform 'Android_ETC2'
[2024.02.02-08.29.40:500][  0]LogTemp: Display: Module 'AndroidTargetPlatform' loaded TargetPlatform 'Android_PVRTC'
[2024.02.02-08.29.40:500][  0]LogTemp: Display: Module 'AndroidTargetPlatform' loaded TargetPlatform 'AndroidClient'
[2024.02.02-08.29.40:500][  0]LogTemp: Display: Module 'AndroidTargetPlatform' loaded TargetPlatform 'Android_ASTCClient'
[2024.02.02-08.29.40:500][  0]LogTemp: Display: Module 'AndroidTargetPlatform' loaded TargetPlatform 'Android_ATCClient'
[2024.02.02-08.29.40:500][  0]LogTemp: Display: Module 'AndroidTargetPlatform' loaded TargetPlatform 'Android_DXTClient'
[2024.02.02-08.29.40:500][  0]LogTemp: Display: Module 'AndroidTargetPlatform' loaded TargetPlatform 'Android_ETC1Client'
[2024.02.02-08.29.40:500][  0]LogTemp: Display: Module 'AndroidTargetPlatform' loaded TargetPlatform 'Android_ETC1aClient'
[2024.02.02-08.29.40:500][  0]LogTemp: Display: Module 'AndroidTargetPlatform' loaded TargetPlatform 'Android_ETC2Client'
[2024.02.02-08.29.40:500][  0]LogTemp: Display: Module 'AndroidTargetPlatform' loaded TargetPlatform 'Android_PVRTCClient'
[2024.02.02-08.29.40:500][  0]LogTemp: Display: Module 'AndroidTargetPlatform' loaded TargetPlatform 'Android_Multi'
[2024.02.02-08.29.40:500][  0]LogTemp: Display: Module 'AndroidTargetPlatform' loaded TargetPlatform 'Android_MultiClient'
[2024.02.02-08.29.40:502][  0]LogTemp: Display: Module 'HTML5TargetPlatform' loaded TargetPlatform 'HTML5'
[2024.02.02-08.29.40:548][  0]LogTemp: Display: Module 'IOSTargetPlatform' loaded TargetPlatform 'IOSClient'
[2024.02.02-08.29.40:548][  0]LogTemp: Display: Module 'IOSTargetPlatform' loaded TargetPlatform 'IOS'
[2024.02.02-08.29.40:569][  0]LogTemp: Display: Module 'TVOSTargetPlatform' loaded TargetPlatform 'TVOSClient'
[2024.02.02-08.29.40:569][  0]LogTemp: Display: Module 'TVOSTargetPlatform' loaded TargetPlatform 'TVOS'
[2024.02.02-08.29.40:580][  0]LogTemp: Display: Module 'LinuxClientTargetPlatform' loaded TargetPlatform 'LinuxClient'
[2024.02.02-08.29.40:591][  0]LogTemp: Display: Module 'LinuxNoEditorTargetPlatform' loaded TargetPlatform 'LinuxNoEditor'
[2024.02.02-08.29.40:602][  0]LogTemp: Display: Module 'LinuxServerTargetPlatform' loaded TargetPlatform 'LinuxServer'
[2024.02.02-08.29.40:614][  0]LogTemp: Display: Module 'LinuxTargetPlatform' loaded TargetPlatform 'Linux'
[2024.02.02-08.29.40:653][  0]LogTemp: Display: Module 'LuminTargetPlatform' loaded TargetPlatform 'Lumin'
[2024.02.02-08.29.40:653][  0]LogTemp: Display: Module 'LuminTargetPlatform' loaded TargetPlatform 'LuminClient'
[2024.02.02-08.29.40:653][  0]LogTargetPlatformManager: Display: Building Assets For Windows
[2024.02.02-08.29.40:659][  0]LogAudioDebug: Display: Lib vorbis DLL was dynamically loaded.
[2024.02.02-08.29.40:691][  0]LogShaderCompilers: Guid format shader working directory is 17 characters bigger than the processId version (../../../../../My2Project_git/Intermediate/Shaders/WorkingDirectory/1736/).
[2024.02.02-08.29.40:691][  0]LogShaderCompilers: Cleaned the shader compiler working directory 'C:/Users/Admin/AppData/Local/Temp/UnrealShaderWorkingDir/BF2B2C7545BCDEA8FB0A229D5E0491D5/'.
[2024.02.02-08.29.40:692][  0]LogXGEController: Cleaning working directory: C:/Users/Admin/AppData/Local/Temp/UnrealXGEWorkingDir/
[2024.02.02-08.29.40:692][  0]LogXGEController: Cannot use XGE Controller as Incredibuild is not installed on this machine.
[2024.02.02-08.29.40:692][  0]LogShaderCompilers: Cannot use XGE Shader Compiler as Incredibuild is not installed on this machine.
[2024.02.02-08.29.40:692][  0]LogShaderCompilers: Display: Using Local Shader Compiler.
[2024.02.02-08.29.41:120][  0]LogDerivedDataCache: Display: Max Cache Size: 512 MB
[2024.02.02-08.29.41:162][  0]LogDerivedDataCache: Loaded boot cache 0.04s 71MB C:/Users/Admin/AppData/Local/UnrealEngine/4.22/DerivedDataCache/Boot.ddc.
[2024.02.02-08.29.41:162][  0]LogDerivedDataCache: Display: Loaded Boot cache: C:/Users/Admin/AppData/Local/UnrealEngine/4.22/DerivedDataCache/Boot.ddc
[2024.02.02-08.29.41:162][  0]LogDerivedDataCache: FDerivedDataBackendGraph:  Pak pak cache file ../../../../../My2Project_git/DerivedDataCache/DDC.ddp not found, will not use a pak cache.
[2024.02.02-08.29.41:162][  0]LogDerivedDataCache: Unable to find inner node Pak for hierarchical cache Hierarchy.
[2024.02.02-08.29.41:162][  0]LogDerivedDataCache: FDerivedDataBackendGraph:  CompressedPak pak cache file ../../../../../My2Project_git/DerivedDataCache/Compressed.ddp not found, will not use a pak cache.
[2024.02.02-08.29.41:162][  0]LogDerivedDataCache: Unable to find inner node CompressedPak for hierarchical cache Hierarchy.
[2024.02.02-08.29.41:174][  0]LogDerivedDataCache: Display: Pak cache opened for reading ../../../Engine/DerivedDataCache/Compressed.ddp.
[2024.02.02-08.29.41:174][  0]LogDerivedDataCache: FDerivedDataBackendGraph:  EnterprisePak pak cache file ../../../Enterprise/DerivedDataCache/Compressed.ddp not found, will not use a pak cache.
[2024.02.02-08.29.41:174][  0]LogDerivedDataCache: Unable to find inner node EnterprisePak for hierarchical cache Hierarchy.
[2024.02.02-08.29.41:186][  0]LogDerivedDataCache: Using Local data cache path C:/Users/Admin/AppData/Local/UnrealEngine/Common/DerivedDataCache: Writable
[2024.02.02-08.29.41:186][  0]LogDerivedDataCache: Shared data cache path not found in *engine.ini, will not use an Shared cache.
[2024.02.02-08.29.41:186][  0]LogDerivedDataCache: Unable to find inner node Shared for hierarchical cache Hierarchy.
[2024.02.02-08.29.41:205][  0]LogMaterial: Verifying Global Shaders for PCD3D_SM5
[2024.02.02-08.29.41:207][  0]LogSlate: Using FreeType 2.6.0
[2024.02.02-08.29.41:207][  0]LogSlate: SlateFontServices - WITH_FREETYPE: 1, WITH_HARFBUZZ: 1
[2024.02.02-08.29.41:279][  0]LogAssetRegistry: FAssetRegistry took 0.0329 seconds to start up
[2024.02.02-08.29.41:565][  0]LogInit: Selected Device Profile: [Windows]
[2024.02.02-08.29.41:608][  0]LogMeshReduction: Using QuadricMeshReduction for automatic static mesh reduction
[2024.02.02-08.29.41:608][  0]LogMeshReduction: Using SimplygonMeshReduction for automatic skeletal mesh reduction
[2024.02.02-08.29.41:608][  0]LogMeshReduction: Using ProxyLODMeshReduction for automatic mesh merging
[2024.02.02-08.29.41:608][  0]LogMeshReduction: No distributed automatic mesh merging module available
[2024.02.02-08.29.41:608][  0]LogMeshMerging: No distributed automatic mesh merging module available
[2024.02.02-08.29.41:677][  0]LogNetVersion: My2Project_git 1.0.0, NetCL: 5660361, EngineNetVer: 10, GameNetVer: 0 (Checksum: 799687345)
[2024.02.02-08.29.42:000][  0]LogPackageLocalizationCache: Processed 10 localized package path(s) for 1 prioritized culture(s) in 0.030097 seconds
[2024.02.02-08.29.42:008][  0]LogUObjectArray: 42205 objects as part of root set at end of initial load.
[2024.02.02-08.29.42:008][  0]LogUObjectAllocator: 7325032 out of 0 bytes used by permanent object pool.
[2024.02.02-08.29.42:008][  0]LogUObjectArray: CloseDisregardForGC: 0/0 objects in disregard for GC pool
[2024.02.02-08.29.42:650][  0]LogTcpMessaging: Initializing TcpMessaging bridge
[2024.02.02-08.29.42:663][  0]LogUdpMessaging: Initializing bridge on interface 0.0.0.0:0 to multicast group 230.0.0.1:6666.
[2024.02.02-08.29.42:765][  0]SourceControl: Source control is disabled
[2024.02.02-08.29.42:765][  0]SourceControl: Source control is disabled
[2024.02.02-08.29.42:766][  0]SourceControl: Source control is disabled
[2024.02.02-08.29.42:767][  0]SourceControl: Source control is disabled
[2024.02.02-08.29.42:776][  0]LogVSAccessor: Display: Unable to create Visual Studio setup instance: 80040154
[2024.02.02-08.29.42:777][  0]LogVSAccessor: Display: Unable to create Visual Studio setup instance: 80040154
[2024.02.02-08.29.42:840][  0]LogAndroidPermission: UAndroidPermissionCallbackProxy::GetInstance
[2024.02.02-08.29.42:935][  0]LogOcInput: OculusInput pre-init called
[2024.02.02-08.29.43:504][  0]LogEngine: Initializing Engine...
[2024.02.02-08.29.43:505][  0]LogHMD: Failed to initialize OpenVR with code 110
[2024.02.02-08.29.43:506][  0]LogStats: UGameplayTagsManager::InitializeManager -  0.000 s
[2024.02.02-08.29.43:673][  0]LogInit: Initializing FReadOnlyCVARCache
[2024.02.02-08.29.43:682][  0]LogAIModule: Creating AISystem for world Untitled
[2024.02.02-08.29.43:706][  0]LogInit: XAudio2 using 'Динамики (Realtek(R) Audio)' : 2 channels at 48 kHz using 32 bits per sample (channel mask 0x3)
[2024.02.02-08.29.44:423][  0]LogInit: FAudioDevice initialized.
[2024.02.02-08.29.44:424][  0]LogNetVersion: Set ProjectVersion to 1.0.0.0. Version Checksum will be recalculated on next use.
[2024.02.02-08.29.44:474][  0]LogDerivedDataCache: Saved boot cache 0.05s 71MB C:/Users/Admin/AppData/Local/UnrealEngine/4.22/DerivedDataCache/Boot.ddc.
[2024.02.02-08.29.44:480][  0]LogInit: Texture streaming: Enabled
[2024.02.02-08.29.44:494][  0]LogEngineSessionManager: EngineSessionManager initialized
[2024.02.02-08.29.44:506][  0]LogInit: Transaction tracking system initialized
[2024.02.02-08.29.44:521][  0]BlueprintLog: New page: Editor Load
[2024.02.02-08.29.44:577][  0]LocalizationService: Localization service is disabled
[2024.02.02-08.29.44:685][  0]LogVSAccessor: Display: Unable to create Visual Studio setup instance: 80040154
[2024.02.02-08.29.44:686][  0]LogVSAccessor: Display: Unable to create Visual Studio setup instance: 80040154
[2024.02.02-08.29.44:809][  0]LogFileCache: Scanning file cache for directory 'D:/My2Project_git/Content/' took 0.01s
[2024.02.02-08.29.44:809][  0]LogCook: Display: Max memory allowance for cook 16384mb min free memory 0mb
[2024.02.02-08.29.44:809][  0]LogCook: Display: Mobile HDR setting 1
[2024.02.02-08.29.44:949][  0]SourceControl: Source control is disabled
[2024.02.02-08.29.44:949][  0]Cmd: MAP LOAD FILE="../../../../../My2Project_git/Content/FirstPersonBP/Maps/FirstPersonExampleMap.umap" TEMPLATE=0 SHOWPROGRESS=1 FEATURELEVEL=3
[2024.02.02-08.29.44:949][  0]LightingResults: New page: Lighting Build
[2024.02.02-08.29.44:951][  0]MapCheck: New page: Map Check
[2024.02.02-08.29.44:951][  0]LightingResults: New page: Lighting Build
[2024.02.02-08.29.44:979][  0]LogUObjectHash: Compacting FUObjectHashTables data took   1.53ms
[2024.02.02-08.29.45:213][  0]LogAIModule: Creating AISystem for world FirstPersonExampleMap
[2024.02.02-08.29.45:222][  0]LogEditorServer: Finished looking for orphan Actors (0.000 secs)
[2024.02.02-08.29.45:261][  0]LogUObjectHash: Compacting FUObjectHashTables data took   2.58ms
[2024.02.02-08.29.45:261][  0]Cmd: MAP CHECKDEP NOCLEARLOG
[2024.02.02-08.29.45:261][  0]MapCheck: Map check complete: 0 Error(s), 0 Warning(s), took 0,155ms to complete.
[2024.02.02-08.29.45:261][  0]LogFileHelpers: Loading map 'FirstPersonExampleMap' took 0.312
[2024.02.02-08.29.45:354][  0]LogSlate: Updating window title bar state: overlay mode, drag disabled, window buttons hidden, title bar hidden
[2024.02.02-08.29.45:361][  0]LogSlate: Updating window title bar state: overlay mode, drag disabled, window buttons hidden, title bar hidden
[2024.02.02-08.29.45:368][  0]LogSlate: Updating window title bar state: overlay mode, drag disabled, window buttons hidden, title bar hidden
[2024.02.02-08.29.45:374][  0]LogSlate: Updating window title bar state: overlay mode, drag disabled, window buttons hidden, title bar hidden
[2024.02.02-08.29.45:378][  0]LogCollectionManager: Loaded 0 collections in 0.000732 seconds
[2024.02.02-08.29.45:393][  0]LogFileCache: Scanning file cache for directory 'D:/My2Project_git/Saved/Collections/' took 0.01s
[2024.02.02-08.29.45:393][  0]LogFileCache: Scanning file cache for directory 'D:/My2Project_git/Content/Developers/Admin/Collections/' took 0.00s
[2024.02.02-08.29.45:393][  0]LogFileCache: Scanning file cache for directory 'D:/My2Project_git/Content/Collections/' took 0.00s
[2024.02.02-08.29.45:393][  0]LogCollectionManager: Rebuilt the GUID cache for 0 collections in 0.000000 seconds
[2024.02.02-08.29.45:402][  0]LogContentBrowser: Native class hierarchy populated in 0.0082 seconds. Added 2732 classes and 659 folders.
[2024.02.02-08.29.45:405][  0]LogContentBrowser: Native class hierarchy updated for 'WidgetCarousel' in 0.0002 seconds. Added 0 classes and 0 folders.
[2024.02.02-08.29.45:406][  0]LogPakFile: Registered encryption key '00000000000000000000000000000000': 0 pak files mounted, 0 remain pending
[2024.02.02-08.29.45:407][  0]LogPakFile: Registered encryption key '00000000000000000000000000000000': 0 pak files mounted, 0 remain pending
[2024.02.02-08.29.45:407][  0]LogPakFile: Registered encryption key '00000000000000000000000000000000': 0 pak files mounted, 0 remain pending
[2024.02.02-08.29.45:407][  0]LogPakFile: Registered encryption key '00000000000000000000000000000000': 0 pak files mounted, 0 remain pending
[2024.02.02-08.29.45:408][  0]LogPakFile: Registered encryption key '00000000000000000000000000000000': 0 pak files mounted, 0 remain pending
[2024.02.02-08.29.45:408][  0]LogPakFile: Registered encryption key '00000000000000000000000000000000': 0 pak files mounted, 0 remain pending
[2024.02.02-08.29.45:408][  0]LogPakFile: Registered encryption key '00000000000000000000000000000000': 0 pak files mounted, 0 remain pending
[2024.02.02-08.29.45:409][  0]LogPakFile: Registered encryption key '00000000000000000000000000000000': 0 pak files mounted, 0 remain pending
[2024.02.02-08.29.45:409][  0]LogPakFile: Registered encryption key '00000000000000000000000000000000': 0 pak files mounted, 0 remain pending
[2024.02.02-08.29.45:409][  0]LogPakFile: Registered encryption key '00000000000000000000000000000000': 0 pak files mounted, 0 remain pending
[2024.02.02-08.29.45:410][  0]LogPakFile: Registered encryption key '00000000000000000000000000000000': 0 pak files mounted, 0 remain pending
[2024.02.02-08.29.45:410][  0]LogPakFile: Registered encryption key '00000000000000000000000000000000': 0 pak files mounted, 0 remain pending
[2024.02.02-08.29.45:410][  0]LogPakFile: Registered encryption key '00000000000000000000000000000000': 0 pak files mounted, 0 remain pending
[2024.02.02-08.29.45:410][  0]LogPakFile: Registered encryption key '00000000000000000000000000000000': 0 pak files mounted, 0 remain pending
[2024.02.02-08.29.45:411][  0]LogPakFile: Registered encryption key '00000000000000000000000000000000': 0 pak files mounted, 0 remain pending
[2024.02.02-08.29.45:411][  0]LogPakFile: Registered encryption key '00000000000000000000000000000000': 0 pak files mounted, 0 remain pending
[2024.02.02-08.29.45:411][  0]LogPakFile: Registered encryption key '00000000000000000000000000000000': 0 pak files mounted, 0 remain pending
[2024.02.02-08.29.45:412][  0]LogPakFile: Registered encryption key '00000000000000000000000000000000': 0 pak files mounted, 0 remain pending
[2024.02.02-08.29.45:412][  0]LogPakFile: Registered encryption key '00000000000000000000000000000000': 0 pak files mounted, 0 remain pending
[2024.02.02-08.29.45:412][  0]LogPakFile: Registered encryption key '00000000000000000000000000000000': 0 pak files mounted, 0 remain pending
[2024.02.02-08.29.45:413][  0]LogPakFile: Registered encryption key '00000000000000000000000000000000': 0 pak files mounted, 0 remain pending
[2024.02.02-08.29.45:413][  0]LogPakFile: Registered encryption key '00000000000000000000000000000000': 0 pak files mounted, 0 remain pending
[2024.02.02-08.29.45:413][  0]LogPakFile: Registered encryption key '00000000000000000000000000000000': 0 pak files mounted, 0 remain pending
[2024.02.02-08.29.45:414][  0]LogPakFile: Registered encryption key '00000000000000000000000000000000': 0 pak files mounted, 0 remain pending
[2024.02.02-08.29.45:414][  0]LogPakFile: Registered encryption key '00000000000000000000000000000000': 0 pak files mounted, 0 remain pending
[2024.02.02-08.29.45:414][  0]LogPakFile: Registered encryption key '00000000000000000000000000000000': 0 pak files mounted, 0 remain pending
[2024.02.02-08.29.45:431][  0]LogContentBrowser: Native class hierarchy updated for 'AddContentDialog' in 0.0002 seconds. Added 0 classes and 0 folders.
[2024.02.02-08.29.45:435][  0]LogContentBrowser: Native class hierarchy updated for 'SceneOutliner' in 0.0003 seconds. Added 1 classes and 2 folders.
[2024.02.02-08.29.45:496][  0]LogSlate: Took 0.000153 seconds to synchronously load lazily loaded font '../../../Engine/Content/Slate/Fonts/Roboto-Regular.ttf' (155K)
[2024.02.02-08.29.45:497][  0]LogSlate: Took 0.000186 seconds to synchronously load lazily loaded font '../../../Engine/Content/Slate/Fonts/Roboto-Bold.ttf' (160K)
[2024.02.02-08.29.45:501][  0]LogSlate: Took 0.000162 seconds to synchronously load lazily loaded font '../../../Engine/Content/Editor/Slate/Fonts/FontAwesome.ttf' (139K)
[2024.02.02-08.29.45:550][  0]LogRenderer: Reallocating scene render targets to support 932x384 Format 10 NumSamples 1 (Frame:1).
[2024.02.02-08.29.45:739][  0]LogContentBrowser: Native class hierarchy updated for 'HierarchicalLODOutliner' in 0.0003 seconds. Added 0 classes and 0 folders.
[2024.02.02-08.29.45:739][  0]LogLoad: (Engine Initialization) Total time: 7.16 seconds
[2024.02.02-08.29.45:739][  0]LogLoad: (Engine Initialization) Total Blueprint compile time: 0.00 seconds
[2024.02.02-08.29.45:778][  0]LogAssetRegistry: Asset discovery search completed in 4.5212 seconds
[2024.02.02-08.29.45:780][  0]LogCollectionManager: Rebuilt the object cache for 0 collections in 0.000001 seconds (found 0 objects)
[2024.02.02-08.29.45:780][  0]LogCollectionManager: Fixed up redirectors for 0 collections in 0.000035 seconds (updated 0 objects)
[2024.02.02-08.29.45:782][  0]LogContentStreaming: Texture pool size now 800 MB
[2024.02.02-08.29.45:809][  0]LogSlate: Took 0.000169 seconds to synchronously load lazily loaded font '../../../Engine/Content/Slate/Fonts/Roboto-Light.ttf' (167K)
[2024.02.02-08.31.36:216][178]LogEditorViewport: Clicking on Actor (LMB): StaticMeshActor (EditorCube21)
[2024.02.02-08.32.00:723][627]LogSlate: FSceneViewport::OnFocusLost() reason 0
[2024.02.02-08.32.00:977][642]LogActorFactory: Actor Factory created Cone
[2024.02.02-08.32.03:207][774]LogActorFactory: Actor Factory created Cone
[2024.02.02-08.32.08:388][ 83]Cmd: DELETE
[2024.02.02-08.32.08:388][ 83]Cmd: ACTOR DELETE
[2024.02.02-08.32.08:398][ 83]LogEditorActor: Deleted Actor: StaticMeshActor
[2024.02.02-08.32.08:424][ 83]LogUObjectHash: Compacting FUObjectHashTables data took   1.75ms
[2024.02.02-08.32.08:424][ 83]LogEditorActor: Deleted 1 Actors (0.032 secs)
[2024.02.02-08.32.12:271][314]LogSlate: FSceneViewport::OnFocusLost() reason 0
[2024.02.02-08.32.19:729][761]LogSlate: FSceneViewport::OnFocusLost() reason 0
[2024.02.02-08.32.23:978][ 15]Cmd: BRUSH ADD SELECTNEWBRUSH
[2024.02.02-08.32.34:798][662]LogSlate: FSceneViewport::OnFocusLost() reason 0
[2024.02.02-08.35.08:984][908]LogSlate: FSceneViewport::OnFocusLost() reason 0
[2024.02.02-08.35.20:083][567]LogSlate: FSceneViewport::OnFocusLost() reason 0
[2024.02.02-08.35.46:969][165]LogSlate: FSceneViewport::OnFocusLost() reason 0
[2024.02.02-08.36.14:054][783]LogEditorViewport: Clicking on Actor (LMB): StaticMeshActor (Floor)
[2024.02.02-08.36.23:930][372]LogSlate: FSceneViewport::OnFocusLost() reason 0
[2024.02.02-08.36.33:147][921]LogSlate: FSceneViewport::OnFocusLost() reason 0
[2024.02.02-08.36.36:513][118]LogContentBrowser: Native class hierarchy updated for 'WorldBrowser' in 0.0003 seconds. Added 2 classes and 3 folders.
[2024.02.02-08.36.36:523][118]LogSlate: FSceneViewport::OnFocusLost() reason 2
[2024.02.02-08.36.37:686][188]LogActorComponent: RegisterComponentWithWorld: (/Game/FirstPersonBP/Maps/FirstPersonExampleMap.FirstPersonExampleMap:PersistentLevel.ModelComponent_49) Already registered. Aborting.
[2024.02.02-08.36.37:686][188]LogActorComponent: RegisterComponentWithWorld: (/Game/FirstPersonBP/Maps/FirstPersonExampleMap.FirstPersonExampleMap:PersistentLevel.ModelComponent_50) Already registered. Aborting.
[2024.02.02-08.36.37:686][188]LogActorComponent: RegisterComponentWithWorld: (/Game/FirstPersonBP/Maps/FirstPersonExampleMap.FirstPersonExampleMap:PersistentLevel.ModelComponent_51) Already registered. Aborting.
[2024.02.02-08.36.49:439][885]LogEditorViewport: Clicking on Actor (context menu): StaticMeshActor (Floor)
[2024.02.02-08.36.49:485][885]LogSlate: FSceneViewport::OnFocusLost() reason 2
[2024.02.02-08.36.50:297][933]LogEditorViewport: Clicking on Actor (LMB): StaticMeshActor (Floor)
[2024.02.02-08.37.04:666][789]LogSlate: FSceneViewport::OnFocusLost() reason 0
[2024.02.02-08.37.15:116][410]LogSlate: FSceneViewport::OnFocusLost() reason 0
[2024.02.02-08.37.39:993][892]LogEditorViewport: Clicking on Actor (LMB): StaticMeshActor (EditorCube20)
[2024.02.02-08.37.48:140][377]LogEditorViewport: Clicking on Actor (LMB): StaticMeshActor (EditorCube20)
[2024.02.02-08.38.08:905][617]LogSlate: FSceneViewport::OnFocusLost() reason 0
[2024.02.02-08.38.14:896][974]LogSlate: FSceneViewport::OnFocusLost() reason 0
[2024.02.02-08.38.25:576][612]LogEditorViewport: Clicking on Actor (LMB): StaticMeshActor (Floor)
[2024.02.02-08.38.55:857][367]LogSlate: FSceneViewport::OnFocusLost() reason 0
[2024.02.02-08.38.58:805][525]LogSlate: FSceneViewport::OnFocusLost() reason 0
[2024.02.02-08.39.00:753][622]LogSlate: FSceneViewport::OnFocusLost() reason 0
[2024.02.02-08.39.05:788][901]LogSlate: FSceneViewport::OnFocusLost() reason 0
[2024.02.02-08.39.07:427][988]LogSlate: FSceneViewport::OnFocusLost() reason 0
[2024.02.02-08.39.14:829][410]LogSlate: FSceneViewport::OnFocusLost() reason 0
[2024.02.02-08.39.20:727][738]LogSlate: FSceneViewport::OnFocusLost() reason 0
[2024.02.02-08.39.24:111][920]LogSlate: FSceneViewport::OnFocusLost() reason 0
[2024.02.02-08.39.25:527][994]LogSlate: FSceneViewport::OnFocusLost() reason 0
[2024.02.02-08.39.26:890][ 63]LogSlate: FSceneViewport::OnFocusLost() reason 0
[2024.02.02-08.39.31:759][343]LogSlate: FSceneViewport::OnFocusLost() reason 0
[2024.02.02-08.39.38:740][744]LogSlate: FSceneViewport::OnFocusLost() reason 0
[2024.02.02-08.39.40:858][859]LogSlate: FSceneViewport::OnFocusLost() reason 0
[2024.02.02-08.39.43:037][979]LogSlate: FSceneViewport::OnFocusLost() reason 0
[2024.02.02-08.39.47:395][228]LogSlate: FSceneViewport::OnFocusLost() reason 0
[2024.02.02-08.39.49:945][369]LogSlate: FSceneViewport::OnFocusLost() reason 0
[2024.02.02-08.39.54:105][539]LogSlate: FSceneViewport::OnFocusLost() reason 0
[2024.02.02-08.40.04:240][ 23]LogSlate: FSceneViewport::OnFocusLost() reason 0
[2024.02.02-08.40.05:719][104]LogSlate: FSceneViewport::OnFocusLost() reason 0
[2024.02.02-08.40.07:145][183]LogSlate: FSceneViewport::OnFocusLost() reason 0
[2024.02.02-08.40.15:357][665]LogSlate: FSceneViewport::OnFocusLost() reason 0
[2024.02.02-08.40.17:143][767]LogSlate: FSceneViewport::OnFocusLost() reason 0
[2024.02.02-08.40.20:388][956]LogSlate: FSceneViewport::OnFocusLost() reason 0
[2024.02.02-08.40.22:032][ 48]LogSlate: FSceneViewport::OnFocusLost() reason 0
[2024.02.02-08.40.23:651][138]LogSlate: FSceneViewport::OnFocusLost() reason 0
[2024.02.02-08.40.25:295][231]LogSlate: FSceneViewport::OnFocusLost() reason 0
[2024.02.02-08.40.27:317][344]LogSlate: FSceneViewport::OnFocusLost() reason 0
[2024.02.02-08.40.31:344][577]LogSlate: FSceneViewport::OnFocusLost() reason 0
[2024.02.02-08.40.34:271][746]LogSlate: FSceneViewport::OnFocusLost() reason 0
[2024.02.02-08.40.36:149][853]LogSlate: FSceneViewport::OnFocusLost() reason 0
[2024.02.02-08.40.48:451][583]LogSlate: FSceneViewport::OnFocusLost() reason 0
[2024.02.02-08.40.49:936][666]LogSlate: FSceneViewport::OnFocusLost() reason 0
[2024.02.02-08.40.51:341][743]LogSlate: FSceneViewport::OnFocusLost() reason 0
[2024.02.02-08.40.52:713][820]LogSlate: FSceneViewport::OnFocusLost() reason 0
[2024.02.02-08.40.53:952][889]LogSlate: FSceneViewport::OnFocusLost() reason 0
[2024.02.02-08.41.00:823][271]LogSlate: FSceneViewport::OnFocusLost() reason 0
[2024.02.02-08.41.08:642][681]LogSlate: FSceneViewport::OnFocusLost() reason 0
[2024.02.02-08.41.12:317][876]LogSlate: FSceneViewport::OnFocusLost() reason 0
[2024.02.02-08.41.17:416][134]LogSlate: FSceneViewport::OnFocusLost() reason 0
[2024.02.02-08.41.19:451][236]LogSlate: FSceneViewport::OnFocusLost() reason 0
[2024.02.02-08.41.21:241][331]LogSlate: FSceneViewport::OnFocusLost() reason 0
[2024.02.02-08.41.24:172][504]LogEditorViewport: Clicking on Actor (LMB): StaticMeshActor (Floor)
[2024.02.02-08.41.46:384][830]LogSlate: FSceneViewport::OnFocusLost() reason 0
[2024.02.02-08.41.51:570][138]LogEditorViewport: Clicking on Actor (LMB): StaticMeshActor (Floor)
[2024.02.02-08.42.05:315][954]LogSlate: FSceneViewport::OnFocusLost() reason 2
[2024.02.02-08.42.21:851][942]LogSlate: FSceneViewport::OnFocusLost() reason 0
[2024.02.02-08.42.25:290][146]LogEditorViewport: Clicking on Actor (LMB): StaticMeshActor (Floor)
[2024.02.02-08.42.38:088][907]LogSlate: FSceneViewport::OnFocusLost() reason 0
[2024.02.02-08.42.38:191][913]LogSlate: Took 0.000209 seconds to synchronously load lazily loaded font '../../../Engine/Content/Slate/Fonts/Roboto-Light.ttf' (167K)
[2024.02.02-08.42.38:230][913]LogUObjectHash: Compacting FUObjectHashTables data took   1.19ms
[2024.02.02-08.42.38:398][913]LogSavePackage: Moving '../../../../../My2Project_git/Saved/FirstPersonExampleMapE3F514B44D447FEBDFDC2F8EAF66E01F.tmp' to '../../../../../My2Project_git/Content/FirstPersonBP/Maps/FirstPersonExampleMap.umap'
[2024.02.02-08.42.38:418][913]Cmd: OBJ SAVEPACKAGE PACKAGE="/Game/FirstPersonBP/Maps/FirstPersonExampleMap_BuiltData" FILE="../../../../../My2Project_git/Content/FirstPersonBP/Maps/FirstPersonExampleMap_BuiltData.uasset" SILENT=true
[2024.02.02-08.42.39:243][913]LogSavePackage: Moving '../../../../../My2Project_git/Saved/FirstPersonExampleMap_BuiltData486F8C8F472787598FC0FDA0D0F07865.tmp' to '../../../../../My2Project_git/Content/FirstPersonBP/Maps/FirstPersonExampleMap_BuiltData.uasset'
[2024.02.02-08.42.42:633][115]LogSlate: FSceneViewport::OnFocusLost() reason 0
[2024.02.02-08.42.42:762][121]LogUObjectHash: Compacting FUObjectHashTables data took   1.67ms
[2024.02.02-08.42.42:805][121]LogSlate: Window 'My2Project_git - Unreal Editor' being destroyed
[2024.02.02-08.42.42:977][122]Cmd: QUIT_EDITOR
[2024.02.02-08.42.43:196][122]LogWindowsTextInputMethodSystem: Display: IME system now deactivated.
[2024.02.02-08.42.43:205][122]LogExit: Preparing to exit.
[2024.02.02-08.42.44:057][122]LogExit: Editor shut down
[2024.02.02-08.42.44:057][122]LogExit: Transaction tracking system shut down
[2024.02.02-08.42.44:252][122]LogExit: Object subsystem successfully closed.
[2024.02.02-08.42.44:279][122]LogShaderCompilers: Display: Shaders left to compile 0
[2024.02.02-08.42.44:283][122]LogD3D11RHI: Shutdown
[2024.02.02-08.42.44:283][122]LogD3D11RHI: CleanupD3DDevice
[2024.02.02-08.42.44:283][122]LogRendererCore: FGlobalReadBuffer::ReleaseRHI
[2024.02.02-08.42.44:283][122]LogRendererCore: FGlobalDynamicReadBuffer::Cleanup()
[2024.02.02-08.42.44:283][122]LogRendererCore: FGlobalReadBuffer::ReleaseRHI
[2024.02.02-08.42.44:283][122]LogRendererCore: FGlobalDynamicReadBuffer::Cleanup()
[2024.02.02-08.42.44:283][122]LogRendererCore: FGlobalReadBuffer::ReleaseRHI
[2024.02.02-08.42.44:283][122]LogRendererCore: FGlobalDynamicReadBuffer::Cleanup()
[2024.02.02-08.42.44:416][122]LogD3D11RHI: ~FD3D11DynamicRHI
[2024.02.02-08.42.44:422][122]LogModuleManager: Shutting down and abandoning module WorldBrowser (644)
[2024.02.02-08.42.44:423][122]LogModuleManager: Shutting down and abandoning module HierarchicalLODOutliner (642)
[2024.02.02-08.42.44:423][122]LogModuleManager: Shutting down and abandoning module SceneOutliner (640)
[2024.02.02-08.42.44:423][122]LogModuleManager: Shutting down and abandoning module AddContentDialog (638)
[2024.02.02-08.42.44:423][122]LogModuleManager: Shutting down and abandoning module WidgetCarousel (637)
[2024.02.02-08.42.44:423][122]LogModuleManager: Shutting down and abandoning module EditorWidgets (634)
[2024.02.02-08.42.44:423][122]LogModuleManager: Shutting down and abandoning module CollectionManager (632)
[2024.02.02-08.42.44:424][122]LogModuleManager: Shutting down and abandoning module StatsViewer (630)
[2024.02.02-08.42.44:424][122]LogModuleManager: Shutting down and abandoning module FoliageEdit (628)
[2024.02.02-08.42.44:424][122]LogModuleManager: Shutting down and abandoning module LandscapeEditor (626)
[2024.02.02-08.42.44:424][122]LogModuleManager: Shutting down and abandoning module MeshPaintMode (624)
[2024.02.02-08.42.44:424][122]LogModuleManager: Shutting down and abandoning module SceneDepthPickerMode (622)
[2024.02.02-08.42.44:424][122]LogModuleManager: Shutting down and abandoning module ActorPickerMode (620)
[2024.02.02-08.42.44:424][122]LogModuleManager: Shutting down and abandoning module GeometryMode (618)
[2024.02.02-08.42.44:424][122]LogModuleManager: Shutting down and abandoning module TextureAlignMode (616)
[2024.02.02-08.42.44:424][122]LogModuleManager: Shutting down and abandoning module BspMode (614)
[2024.02.02-08.42.44:424][122]LogModuleManager: Shutting down and abandoning module PIEPreviewDeviceProfileSelector (612)
[2024.02.02-08.42.44:424][122]LogModuleManager: Shutting down and abandoning module SequenceRecorderSections (610)
[2024.02.02-08.42.44:424][122]LogModuleManager: Shutting down and abandoning module AutomationWorker (608)
[2024.02.02-08.42.44:424][122]LogModuleManager: Shutting down and abandoning module OculusMR (606)
[2024.02.02-08.42.44:424][122]LogModuleManager: Shutting down and abandoning module AudioCaptureEditor (604)
[2024.02.02-08.42.44:424][122]LogModuleManager: Shutting down and abandoning module MatineeToLevelSequence (602)
[2024.02.02-08.42.44:424][122]LogModuleManager: Shutting down and abandoning module LevelSequenceEditor (600)
[2024.02.02-08.42.44:424][122]LogModuleManager: Shutting down and abandoning module PlacementMode (599)
[2024.02.02-08.42.44:424][122]LogModuleManager: Shutting down and abandoning module MaterialEditor (598)
[2024.02.02-08.42.44:424][122]LogModuleManager: Shutting down and abandoning module ActorSequenceEditor (594)
[2024.02.02-08.42.44:424][122]LogModuleManager: Shutting down and abandoning module WmfMediaFactory (592)
[2024.02.02-08.42.44:424][122]LogModuleManager: Shutting down and abandoning module WmfMediaEditor (590)
[2024.02.02-08.42.44:424][122]LogModuleManager: Shutting down and abandoning module WebMMediaFactory (588)
[2024.02.02-08.42.44:424][122]LogModuleManager: Shutting down and abandoning module WebMMediaEditor (586)
[2024.02.02-08.42.44:424][122]LogModuleManager: Shutting down and abandoning module WebMMedia (584)
[2024.02.02-08.42.44:424][122]LogModuleManager: Shutting down and abandoning module MediaPlayerEditor (582)
[2024.02.02-08.42.44:424][122]LogModuleManager: Shutting down and abandoning module MediaCompositingEditor (580)
[2024.02.02-08.42.44:424][122]LogModuleManager: Shutting down and abandoning module SequenceRecorder (579)
[2024.02.02-08.42.44:424][122]LogModuleManager: Shutting down and abandoning module OpenExrWrapper (576)
[2024.02.02-08.42.44:424][122]LogModuleManager: Shutting down and abandoning module ImgMediaFactory (574)
[2024.02.02-08.42.44:424][122]LogModuleManager: Shutting down and abandoning module ImgMediaEditor (572)
[2024.02.02-08.42.44:424][122]LogModuleManager: Shutting down and abandoning module AvfMediaFactory (570)
[2024.02.02-08.42.44:424][122]LogModuleManager: Shutting down and abandoning module AvfMediaEditor (568)
[2024.02.02-08.42.44:424][122]LogModuleManager: Shutting down and abandoning module AndroidMediaFactory (566)
[2024.02.02-08.42.44:424][122]LogModuleManager: Shutting down and abandoning module AndroidMediaEditor (564)
[2024.02.02-08.42.44:424][122]LogModuleManager: Shutting down and abandoning module MagicLeapCameraPreviewFactory (562)
[2024.02.02-08.42.44:424][122]LogModuleManager: Shutting down and abandoning module MagicLeapMediaCodecFactory (560)
[2024.02.02-08.42.44:424][122]LogModuleManager: Shutting down and abandoning module MagicLeapMediaFactory (558)
[2024.02.02-08.42.44:424][122]LogModuleManager: Shutting down and abandoning module MagicLeapMediaEditor (556)
[2024.02.02-08.42.44:424][122]LogModuleManager: Shutting down and abandoning module CharacterAI (554)
[2024.02.02-08.42.44:424][122]LogModuleManager: Shutting down and abandoning module SmartSnapping (552)
[2024.02.02-08.42.44:424][122]LogModuleManager: Shutting down and abandoning module SessionServices (550)
[2024.02.02-08.42.44:424][122]LogModuleManager: Shutting down and abandoning module MeshPaint (548)
[2024.02.02-08.42.44:424][122]LogModuleManager: Shutting down and abandoning module ViewportSnapping (546)
[2024.02.02-08.42.44:424][122]LogModuleManager: Shutting down and abandoning module ViewportInteraction (544)
[2024.02.02-08.42.44:424][122]LogModuleManager: Shutting down and abandoning module ClothPainter (542)
[2024.02.02-08.42.44:424][122]LogModuleManager: Shutting down and abandoning module SkeletalMeshEditor (541)
[2024.02.02-08.42.44:424][122]LogModuleManager: Shutting down and abandoning module LogVisualizer (538)
[2024.02.02-08.42.44:424][122]LogModuleManager: Shutting down and abandoning module IntroTutorials (536)
[2024.02.02-08.42.44:425][122]LogModuleManager: Shutting down and abandoning module GameProjectGeneration (535)
[2024.02.02-08.42.44:425][122]LogModuleManager: Shutting down and abandoning module LuminPlatformEditor (532)
[2024.02.02-08.42.44:425][122]LogModuleManager: Shutting down and abandoning module IOSPlatformEditor (530)
[2024.02.02-08.42.44:425][122]LogModuleManager: Shutting down and abandoning module HTML5PlatformEditor (528)
[2024.02.02-08.42.44:425][122]LogModuleManager: Shutting down and abandoning module AndroidPlatformEditor (526)
[2024.02.02-08.42.44:425][122]LogModuleManager: Shutting down and abandoning module AndroidDeviceDetection (525)
[2024.02.02-08.42.45:060][122]LogModuleManager: Shutting down and abandoning module WindowsPlatformEditor (522)
[2024.02.02-08.42.45:060][122]LogModuleManager: Shutting down and abandoning module LuminRuntimeSettings (520)
[2024.02.02-08.42.45:060][122]LogModuleManager: Shutting down and abandoning module IOSRuntimeSettings (518)
[2024.02.02-08.42.45:060][122]LogModuleManager: Shutting down and abandoning module AndroidRuntimeSettings (516)
[2024.02.02-08.42.45:060][122]LogModuleManager: Shutting down and abandoning module TimeManagementEditor (514)
[2024.02.02-08.42.45:060][122]LogModuleManager: Shutting down and abandoning module InputBindingEditor (512)
[2024.02.02-08.42.45:060][122]LogModuleManager: Shutting down and abandoning module MergeActors (510)
[2024.02.02-08.42.45:060][122]LogModuleManager: Shutting down and abandoning module LocalizationDashboard (508)
[2024.02.02-08.42.45:060][122]LogModuleManager: Shutting down and abandoning module LocalizationService (507)
[2024.02.02-08.42.45:060][122]LogModuleManager: Shutting down and abandoning module HardwareTargeting (504)
[2024.02.02-08.42.45:060][122]LogModuleManager: Shutting down and abandoning module DeviceProfileEditor (502)
[2024.02.02-08.42.45:060][122]LogModuleManager: Shutting down and abandoning module UndoHistory (500)
[2024.02.02-08.42.45:061][122]LogModuleManager: Shutting down and abandoning module XmlParser (498)
[2024.02.02-08.42.45:061][122]LogModuleManager: Shutting down and abandoning module Blutility (496)
[2024.02.02-08.42.45:061][122]LogModuleManager: Shutting down and abandoning module ProjectSettingsViewer (494)
[2024.02.02-08.42.45:061][122]LogModuleManager: Shutting down and abandoning module ProjectTargetPlatformEditor (493)
[2024.02.02-08.42.45:061][122]LogModuleManager: Shutting down and abandoning module EditorSettingsViewer (490)
[2024.02.02-08.42.45:061][122]LogModuleManager: Shutting down and abandoning module SettingsEditor (488)
[2024.02.02-08.42.45:061][122]LogModuleManager: Shutting down and abandoning module ProjectLauncher (486)
[2024.02.02-08.42.45:061][122]LogModuleManager: Shutting down and abandoning module SessionFrontend (484)
[2024.02.02-08.42.45:061][122]LogModuleManager: Shutting down and abandoning module ProfilerClient (482)
[2024.02.02-08.42.45:061][122]LogModuleManager: Shutting down and abandoning module DeviceManager (480)
[2024.02.02-08.42.45:061][122]LogModuleManager: Shutting down and abandoning module TargetDeviceServices (479)
[2024.02.02-08.42.45:094][122]LogModuleManager: Shutting down and abandoning module AutomationController (476)
[2024.02.02-08.42.45:094][122]LogModuleManager: Shutting down and abandoning module AutomationWindow (474)
[2024.02.02-08.42.45:094][122]LogModuleManager: Shutting down and abandoning module Layers (472)
[2024.02.02-08.42.45:094][122]LogModuleManager: Shutting down and abandoning module ComponentVisualizers (470)
[2024.02.02-08.42.45:094][122]LogModuleManager: Shutting down and abandoning module DetailCustomizations (468)
[2024.02.02-08.42.45:094][122]LogModuleManager: Shutting down and abandoning module PackagesDialog (466)
[2024.02.02-08.42.45:094][122]LogModuleManager: Shutting down and abandoning module AnimationBlueprintEditor (464)
[2024.02.02-08.42.45:094][122]LogModuleManager: Shutting down and abandoning module Persona (462)
[2024.02.02-08.42.45:094][122]LogModuleManager: Shutting down and abandoning module AdvancedPreviewScene (461)
[2024.02.02-08.42.45:094][122]LogModuleManager: Shutting down and abandoning module AnimGraph (459)
[2024.02.02-08.42.45:094][122]LogModuleManager: Shutting down and abandoning module Kismet (456)
[2024.02.02-08.42.45:094][122]LogModuleManager: Shutting down and abandoning module GraphEditor (454)
[2024.02.02-08.42.45:094][122]LogModuleManager: Shutting down and abandoning module ClassViewer (452)
[2024.02.02-08.42.45:094][122]LogModuleManager: Shutting down and abandoning module Toolbox (450)
[2024.02.02-08.42.45:094][122]LogModuleManager: Shutting down and abandoning module ModuleUI (448)
[2024.02.02-08.42.45:094][122]LogModuleManager: Shutting down and abandoning module MovieSceneTools (446)
[2024.02.02-08.42.45:094][122]LogModuleManager: Shutting down and abandoning module OutputLog (444)
[2024.02.02-08.42.45:094][122]LogModuleManager: Shutting down and abandoning module GammaUI (442)
[2024.02.02-08.42.45:094][122]LogModuleManager: Shutting down and abandoning module Documentation (440)
[2024.02.02-08.42.45:094][122]LogModuleManager: Shutting down and abandoning module LiveCoding (438)
[2024.02.02-08.42.45:095][122]LogModuleManager: Shutting down and abandoning module LevelSequence (436)
[2024.02.02-08.42.45:095][122]LogModuleManager: Shutting down and abandoning module MovieSceneTracks (434)
[2024.02.02-08.42.45:095][122]LogModuleManager: Shutting down and abandoning module MovieScene (432)
[2024.02.02-08.42.45:095][122]LogModuleManager: Shutting down and abandoning module StreamingPauseRendering (430)
[2024.02.02-08.42.45:095][122]LogModuleManager: Shutting down and abandoning module LauncherPlatform (428)
[2024.02.02-08.42.45:095][122]LogModuleManager: Shutting down and abandoning module AnalyticsET (426)
[2024.02.02-08.42.45:095][122]LogModuleManager: Shutting down and abandoning module PortalServices (424)
[2024.02.02-08.42.45:095][122]LogModuleManager: Shutting down and abandoning module PortalRpc (422)
[2024.02.02-08.42.45:095][122]LogModuleManager: Shutting down and abandoning module MessagingRpc (420)
[2024.02.02-08.42.45:095][122]LogModuleManager: Shutting down and abandoning module AIModule (418)
[2024.02.02-08.42.45:095][122]LogModuleManager: Shutting down and abandoning module GameplayDebugger (417)
[2024.02.02-08.42.45:095][122]LogModuleManager: Shutting down and abandoning module AITestSuite (415)
[2024.02.02-08.42.45:095][122]LogModuleManager: Shutting down and abandoning module NavigationSystem (413)
[2024.02.02-08.42.45:095][122]LogModuleManager: Shutting down and abandoning module DesktopPlatform (410)
[2024.02.02-08.42.45:095][122]LogModuleManager: Shutting down and abandoning module ImageWriteQueue (408)
[2024.02.02-08.42.45:099][122]LogModuleManager: Shutting down and abandoning module ProfilerService (406)
[2024.02.02-08.42.45:144][122]LogModuleManager: Shutting down and abandoning module TaskGraph (404)
[2024.02.02-08.42.45:144][122]LogModuleManager: Shutting down and abandoning module SteamVRController (402)
[2024.02.02-08.42.45:144][122]LogModuleManager: Shutting down and abandoning module ProceduralMeshComponentEditor (400)
[2024.02.02-08.42.45:144][122]LogModuleManager: Shutting down and abandoning module ProceduralMeshComponent (398)
[2024.02.02-08.42.45:144][122]LogModuleManager: Shutting down and abandoning module OculusEditor (396)
[2024.02.02-08.42.45:144][122]LogModuleManager: Shutting down and abandoning module OculusInput (394)
[2024.02.02-08.42.45:144][122]LogModuleManager: Shutting down and abandoning module MobilePatchingUtils (392)
[2024.02.02-08.42.45:144][122]LogModuleManager: Shutting down and abandoning module EditableMesh (390)
[2024.02.02-08.42.45:144][122]LogModuleManager: Shutting down and abandoning module CustomMeshComponent (388)
[2024.02.02-08.42.45:144][122]LogModuleManager: Shutting down and abandoning module CableComponent (386)
[2024.02.02-08.42.45:145][122]LogModuleManager: Shutting down and abandoning module AudioCapture (384)
[2024.02.02-08.42.45:145][122]LogModuleManager: Shutting down and abandoning module ArchVisCharacter (382)
[2024.02.02-08.42.45:145][122]LogModuleManager: Shutting down and abandoning module AndroidPermission (380)
[2024.02.02-08.42.45:145][122]LogModuleManager: Shutting down and abandoning module NUTUnrealEngine4 (378)
[2024.02.02-08.42.45:145][122]LogModuleManager: Shutting down and abandoning module NetcodeUnitTest (376)
[2024.02.02-08.42.45:145][122]LogModuleManager: Shutting down and abandoning module MediaCompositing (374)
[2024.02.02-08.42.45:145][122]LogModuleManager: Shutting down and abandoning module LinearTimecode (372)
[2024.02.02-08.42.45:145][122]LogModuleManager: Shutting down and abandoning module ImgMedia (370)
[2024.02.02-08.42.45:145][122]LogModuleManager: Shutting down and abandoning module MagicLeapHelperVulkan (368)
[2024.02.02-08.42.45:145][122]LogModuleManager: Shutting down and abandoning module MagicLeapHelperOpenGL (366)
[2024.02.02-08.42.45:145][122]LogModuleManager: Shutting down and abandoning module MagicLeapAudio (364)
[2024.02.02-08.42.45:145][122]LogModuleManager: Shutting down and abandoning module HTML5Networking (362)
[2024.02.02-08.42.45:145][122]LogModuleManager: Shutting down and abandoning module GeometryCacheTracks (360)
[2024.02.02-08.42.45:145][122]LogModuleManager: Shutting down and abandoning module GeometryCacheSequencer (358)
[2024.02.02-08.42.45:145][122]LogModuleManager: Shutting down and abandoning module BackChannel (356)
[2024.02.02-08.42.45:145][122]LogModuleManager: Shutting down and abandoning module AppleVision (354)
[2024.02.02-08.42.45:145][122]LogModuleManager: Shutting down and abandoning module AppleImageUtilsBlueprintSupport (352)
[2024.02.02-08.42.45:145][122]LogModuleManager: Shutting down and abandoning module AppleImageUtils (350)
[2024.02.02-08.42.45:145][122]LogModuleManager: Shutting down and abandoning module AlembicImporter (348)
[2024.02.02-08.42.45:145][122]LogModuleManager: Shutting down and abandoning module AlembicLibrary (347)
[2024.02.02-08.42.45:145][122]LogModuleManager: Shutting down and abandoning module GeometryCache (346)
[2024.02.02-08.42.45:145][122]LogModuleManager: Shutting down and abandoning module GeometryCacheEd (345)
[2024.02.02-08.42.45:145][122]LogModuleManager: Shutting down and abandoning module VariantManagerContent (340)
[2024.02.02-08.42.45:145][122]LogModuleManager: Shutting down and abandoning module DatasmithContentEditor (338)
[2024.02.02-08.42.45:145][122]LogModuleManager: Shutting down and abandoning module SpeedTreeImporter (336)
[2024.02.02-08.42.45:145][122]LogModuleManager: Shutting down and abandoning module PluginBrowser (334)
[2024.02.02-08.42.45:145][122]LogModuleManager: Shutting down and abandoning module MobileLauncherProfileWizard (332)
[2024.02.02-08.42.45:145][122]LogModuleManager: Shutting down and abandoning module MaterialAnalyzer (330)
[2024.02.02-08.42.45:145][122]LogModuleManager: Shutting down and abandoning module CryptoKeysOpenSSL (328)
[2024.02.02-08.42.45:145][122]LogModuleManager: Shutting down and abandoning module CryptoKeys (326)
[2024.02.02-08.42.45:145][122]LogModuleManager: Shutting down and abandoning module VisualStudioSourceCodeAccess (324)
[2024.02.02-08.42.45:145][122]LogModuleManager: Shutting down and abandoning module VisualStudioCodeSourceCodeAccess (322)
[2024.02.02-08.42.45:145][122]LogModuleManager: Shutting down and abandoning module UObjectPlugin (320)
[2024.02.02-08.42.45:145][122]LogModuleManager: Shutting down and abandoning module SubversionSourceControl (318)
[2024.02.02-08.42.45:145][122]LogModuleManager: Shutting down and abandoning module PerforceSourceControl (316)
[2024.02.02-08.42.45:145][122]LogModuleManager: Shutting down and abandoning module GitSourceControl (314)
[2024.02.02-08.42.45:146][122]LogModuleManager: Shutting down and abandoning module SourceControl (313)
[2024.02.02-08.42.45:146][122]LogModuleManager: Shutting down and abandoning module CLionSourceCodeAccess (310)
[2024.02.02-08.42.45:146][122]LogModuleManager: Shutting down and abandoning module AnimationSharingEd (308)
[2024.02.02-08.42.45:146][122]LogModuleManager: Shutting down and abandoning module ActorLayerUtilitiesEditor (306)
[2024.02.02-08.42.45:146][122]LogModuleManager: Shutting down and abandoning module ActorLayerUtilities (304)
[2024.02.02-08.42.45:146][122]LogModuleManager: Shutting down and abandoning module LightPropagationVolumeEditor (302)
[2024.02.02-08.42.45:146][122]LogModuleManager: Shutting down and abandoning module PaperTiledImporter (300)
[2024.02.02-08.42.45:146][122]LogModuleManager: Shutting down and abandoning module PaperSpriteSheetImporter (298)
[2024.02.02-08.42.45:146][122]LogModuleManager: Shutting down and abandoning module Paper2DEditor (296)
[2024.02.02-08.42.45:146][122]LogModuleManager: Shutting down and abandoning module SignificanceManager (294)
[2024.02.02-08.42.45:146][122]LogModuleManager: Shutting down and abandoning module RuntimePhysXCooking (292)
[2024.02.02-08.42.45:146][122]LogModuleManager: Shutting down and abandoning module PhysXVehiclesEditor (290)
[2024.02.02-08.42.45:146][122]LogModuleManager: Shutting down and abandoning module PhysXVehicles (288)
[2024.02.02-08.42.45:146][122]LogModuleManager: Shutting down and abandoning module LocationServicesBPLibrary (286)
[2024.02.02-08.42.45:146][122]LogModuleManager: Shutting down and abandoning module ActorSequence (284)
[2024.02.02-08.42.45:146][122]LogModuleManager: Shutting down and abandoning module UdpMessaging (282)
[2024.02.02-08.42.45:248][122]LogModuleManager: Shutting down and abandoning module TcpMessaging (280)
[2024.02.02-08.42.45:349][122]LogModuleManager: Shutting down and abandoning module MagicLeapIdentity (278)
[2024.02.02-08.42.45:349][122]LogModuleManager: Shutting down and abandoning module MagicLeapSecureStorage (276)
[2024.02.02-08.42.45:349][122]LogModuleManager: Shutting down and abandoning module MagicLeapHandTracking (274)
[2024.02.02-08.42.45:349][122]LogModuleManager: Shutting down and abandoning module MagicLeapEyeTracker (272)
[2024.02.02-08.42.45:349][122]LogModuleManager: Shutting down and abandoning module MagicLeapController (270)
[2024.02.02-08.42.45:349][122]LogSlate: Slate User Destroyed.  User Index 0, Is Virtual User: 0
[2024.02.02-08.42.45:349][122]LogModuleManager: Shutting down and abandoning module MagicLeapAR (268)
[2024.02.02-08.42.45:349][122]LogModuleManager: Shutting down and abandoning module AugmentedReality (267)
[2024.02.02-08.42.45:349][122]LogModuleManager: Shutting down and abandoning module GameplayTagsEditor (264)
[2024.02.02-08.42.45:349][122]LogModuleManager: Shutting down and abandoning module FacialAnimationEditor (262)
[2024.02.02-08.42.45:349][122]LogModuleManager: Shutting down and abandoning module FacialAnimation (260)
[2024.02.02-08.42.45:349][122]LogModuleManager: Shutting down and abandoning module DataValidation (258)
[2024.02.02-08.42.45:349][122]LogModuleManager: Shutting down and abandoning module AssetManagerEditor (256)
[2024.02.02-08.42.45:349][122]LogModuleManager: Shutting down and abandoning module LevelEditor (255)
[2024.02.02-08.42.45:350][122]LogModuleManager: Shutting down and abandoning module PixelInspectorModule (254)
[2024.02.02-08.42.45:350][122]LogModuleManager: Shutting down and abandoning module CommonMenuExtensions (252)
[2024.02.02-08.42.45:350][122]LogModuleManager: Shutting down and abandoning module MainFrame (250)
[2024.02.02-08.42.45:350][122]LogModuleManager: Shutting down and abandoning module HotReload (249)
[2024.02.02-08.42.45:350][122]LogModuleManager: Shutting down and abandoning module ContentBrowser (245)
[2024.02.02-08.42.45:351][122]LogModuleManager: Shutting down and abandoning module TreeMap (243)
[2024.02.02-08.42.45:351][122]LogModuleManager: Shutting down and abandoning module AnimationSharing (240)
[2024.02.02-08.42.45:351][122]LogModuleManager: Shutting down and abandoning module LightPropagationVolumeRuntime (238)
[2024.02.02-08.42.45:351][122]LogModuleManager: Shutting down and abandoning module AISupportModule (236)
[2024.02.02-08.42.45:351][122]LogModuleManager: Shutting down and abandoning module Paper2D (234)
[2024.02.02-08.42.45:351][122]LogModuleManager: Shutting down and abandoning module WindowsMoviePlayer (232)
[2024.02.02-08.42.45:351][122]LogModuleManager: Shutting down and abandoning module WebMMoviePlayer (230)
[2024.02.02-08.42.45:351][122]LogModuleManager: Shutting down and abandoning module PacketHandler (228)
[2024.02.02-08.42.45:351][122]LogModuleManager: Shutting down and abandoning module ClothingSystemEditor (226)
[2024.02.02-08.42.45:351][122]LogModuleManager: Shutting down and abandoning module ClothingSystemRuntime (224)
[2024.02.02-08.42.45:351][122]LogModuleManager: Shutting down and abandoning module MediaAssets (222)
[2024.02.02-08.42.45:351][122]LogModuleManager: Shutting down and abandoning module Overlay (220)
[2024.02.02-08.42.45:351][122]LogModuleManager: Shutting down and abandoning module OverlayEditor (219)
[2024.02.02-08.42.45:351][122]LogModuleManager: Shutting down and abandoning module VREditor (216)
[2024.02.02-08.42.45:351][122]LogModuleManager: Shutting down and abandoning module StringTableEditor (214)
[2024.02.02-08.42.45:351][122]LogModuleManager: Shutting down and abandoning module GameplayTasksEditor (212)
[2024.02.02-08.42.45:351][122]LogModuleManager: Shutting down and abandoning module BehaviorTreeEditor (210)
[2024.02.02-08.42.45:351][122]LogModuleManager: Shutting down and abandoning module FunctionalTesting (208)
[2024.02.02-08.42.45:351][122]LogModuleManager: Shutting down and abandoning module CollisionAnalyzer (206)
[2024.02.02-08.42.45:351][122]LogModuleManager: Shutting down and abandoning module WorkspaceMenuStructure (205)
[2024.02.02-08.42.45:351][122]LogModuleManager: Shutting down and abandoning module UMG (202)
[2024.02.02-08.42.45:351][122]LogModuleManager: Shutting down and abandoning module UMGEditor (201)
[2024.02.02-08.42.45:351][122]LogModuleManager: Shutting down and abandoning module Sequencer (200)
[2024.02.02-08.42.45:351][122]LogModuleManager: Shutting down and abandoning module MessageLog (197)
[2024.02.02-08.42.45:351][122]LogModuleManager: Shutting down and abandoning module SlateReflector (192)
[2024.02.02-08.42.45:351][122]LogModuleManager: Shutting down and abandoning module Slate (190)
[2024.02.02-08.42.45:351][122]LogModuleManager: Shutting down and abandoning module EditorStyle (188)
[2024.02.02-08.42.45:353][122]LogModuleManager: Shutting down and abandoning module UnrealEd (186)
[2024.02.02-08.42.45:353][122]LogModuleManager: Shutting down and abandoning module MRMesh (184)
[2024.02.02-08.42.45:353][122]LogModuleManager: Shutting down and abandoning module SourceCodeAccess (182)
[2024.02.02-08.42.45:353][122]LogModuleManager: Shutting down and abandoning module HeadMountedDisplay (180)
[2024.02.02-08.42.45:353][122]LogModuleManager: Shutting down and abandoning module XAudio2 (178)
[2024.02.02-08.42.45:353][122]LogModuleManager: Shutting down and abandoning module Networking (176)
[2024.02.02-08.42.45:353][122]LogModuleManager: Shutting down and abandoning module Core (174)
[2024.02.02-08.42.45:353][122]LogModuleManager: Shutting down and abandoning module KismetCompiler (172)
[2024.02.02-08.42.45:353][122]LogModuleManager: Shutting down and abandoning module MeshUtilities (170)
[2024.02.02-08.42.45:353][122]LogModuleManager: Shutting down and abandoning module MeshMergeUtilities (169)
[2024.02.02-08.42.45:353][122]LogModuleManager: Shutting down and abandoning module MeshReductionInterface (168)
[2024.02.02-08.42.45:353][122]LogModuleManager: Shutting down and abandoning module SkeletalMeshReduction (167)
[2024.02.02-08.42.45:353][122]LogModuleManager: Shutting down and abandoning module ProxyLODMeshReduction (165)
[2024.02.02-08.42.45:353][122]LogModuleManager: Shutting down and abandoning module QuadricMeshReduction (163)
[2024.02.02-08.42.45:353][122]LogModuleManager: Shutting down and abandoning module MaterialBaking (159)
[2024.02.02-08.42.45:353][122]LogModuleManager: Shutting down and abandoning module DerivedDataCache (154)
[2024.02.02-08.42.45:435][122]LogDerivedDataCache: Shutdown
[2024.02.02-08.42.45:435][122]LogModuleManager: Shutting down and abandoning module XGEController (152)
[2024.02.02-08.42.45:436][122]LogXGEController: Cleaning working directory: C:/Users/Admin/AppData/Local/Temp/UnrealXGEWorkingDir/
[2024.02.02-08.42.45:436][122]LogModuleManager: Shutting down and abandoning module TargetPlatform (150)
[2024.02.02-08.42.45:436][122]LogModuleManager: Shutting down and abandoning module VulkanShaderFormat (149)
[2024.02.02-08.42.45:436][122]LogModuleManager: Shutting down and abandoning module ShaderFormatVectorVM (147)
[2024.02.02-08.42.45:436][122]LogModuleManager: Shutting down and abandoning module ShaderFormatOpenGL (145)
[2024.02.02-08.42.45:436][122]LogModuleManager: Shutting down and abandoning module ShaderFormatD3D (143)
[2024.02.02-08.42.45:436][122]LogModuleManager: Shutting down and abandoning module MetalShaderFormat (141)
[2024.02.02-08.42.45:436][122]LogModuleManager: Shutting down and abandoning module TextureFormatUncompressed (139)
[2024.02.02-08.42.45:436][122]LogModuleManager: Shutting down and abandoning module TextureFormatPVR (137)
[2024.02.02-08.42.45:436][122]LogModuleManager: Shutting down and abandoning module TextureFormatDXT (135)
[2024.02.02-08.42.45:436][122]LogModuleManager: Shutting down and abandoning module TextureFormatIntelISPCTexComp (133)
[2024.02.02-08.42.45:436][122]LogModuleManager: Shutting down and abandoning module TextureFormatASTC (131)
[2024.02.02-08.42.45:436][122]LogModuleManager: Shutting down and abandoning module ImageWrapper (130)
[2024.02.02-08.42.45:436][122]LogModuleManager: Shutting down and abandoning module TextureFormatAndroid (127)
[2024.02.02-08.42.45:436][122]LogModuleManager: Shutting down and abandoning module AudioFormatOpus (125)
[2024.02.02-08.42.45:436][122]LogModuleManager: Shutting down and abandoning module AudioFormatOgg (123)
[2024.02.02-08.42.45:436][122]LogModuleManager: Shutting down and abandoning module AudioFormatADPCM (121)
[2024.02.02-08.42.45:436][122]LogModuleManager: Shutting down and abandoning module LuminTargetPlatform (119)
[2024.02.02-08.42.45:437][122]LogModuleManager: Shutting down and abandoning module LinuxTargetPlatform (117)
[2024.02.02-08.42.45:437][122]LogModuleManager: Shutting down and abandoning module LinuxServerTargetPlatform (115)
[2024.02.02-08.42.45:437][122]LogModuleManager: Shutting down and abandoning module LinuxNoEditorTargetPlatform (113)
[2024.02.02-08.42.45:437][122]LogModuleManager: Shutting down and abandoning module LinuxClientTargetPlatform (111)
[2024.02.02-08.42.45:437][122]LogModuleManager: Shutting down and abandoning module TVOSTargetPlatform (109)
[2024.02.02-08.42.45:437][122]LogModuleManager: Shutting down and abandoning module Messaging (107)
[2024.02.02-08.42.45:437][122]LogModuleManager: Shutting down and abandoning module IOSTargetPlatform (105)
[2024.02.02-08.42.45:451][122]LogModuleManager: Shutting down and abandoning module HTML5TargetPlatform (103)
[2024.02.02-08.42.45:451][122]LogModuleManager: Shutting down and abandoning module AndroidTargetPlatform (101)
[2024.02.02-08.42.45:455][122]LogModuleManager: Shutting down and abandoning module WindowsTargetPlatform (99)
[2024.02.02-08.42.45:455][122]LogModuleManager: Shutting down and abandoning module WindowsServerTargetPlatform (97)
[2024.02.02-08.42.45:455][122]LogModuleManager: Shutting down and abandoning module WindowsNoEditorTargetPlatform (95)
[2024.02.02-08.42.45:455][122]LogModuleManager: Shutting down and abandoning module WindowsClientTargetPlatform (93)
[2024.02.02-08.42.45:455][122]LogModuleManager: Shutting down and abandoning module MacTargetPlatform (91)
[2024.02.02-08.42.45:455][122]LogModuleManager: Shutting down and abandoning module MacServerTargetPlatform (89)
[2024.02.02-08.42.45:455][122]LogModuleManager: Shutting down and abandoning module MacNoEditorTargetPlatform (87)
[2024.02.02-08.42.45:455][122]LogModuleManager: Shutting down and abandoning module MacClientTargetPlatform (85)
[2024.02.02-08.42.45:455][122]LogModuleManager: Shutting down and abandoning module AllDesktopTargetPlatform (83)
[2024.02.02-08.42.45:455][122]LogModuleManager: Shutting down and abandoning module InputCore (80)
[2024.02.02-08.42.45:455][122]LogModuleManager: Shutting down and abandoning module Settings (78)
[2024.02.02-08.42.45:455][122]LogModuleManager: Shutting down and abandoning module DirectoryWatcher (76)
[2024.02.02-08.42.45:455][122]LogModuleManager: Shutting down and abandoning module PhysXCooking (74)
[2024.02.02-08.42.45:455][122]LogModuleManager: Shutting down and abandoning module SteamVR (72)
[2024.02.02-08.42.45:455][122]LogHMD: Freeing OpenVRDLLHandle.
[2024.02.02-08.42.45:455][122]LogModuleManager: Shutting down and abandoning module OculusHMD (70)
[2024.02.02-08.42.45:455][122]LogModuleManager: Shutting down and abandoning module ExampleDeviceProfileSelector (68)
[2024.02.02-08.42.45:455][122]LogModuleManager: Shutting down and abandoning module LauncherChunkInstaller (66)
[2024.02.02-08.42.45:455][122]LogModuleManager: Shutting down and abandoning module OnlineBlueprintSupport (64)
[2024.02.02-08.42.45:455][122]LogModuleManager: Shutting down and abandoning module OnlineSubsystem (60)
[2024.02.02-08.42.45:456][122]LogModuleManager: Shutting down and abandoning module XMPP (55)
[2024.02.02-08.42.45:456][122]LogModuleManager: Shutting down and abandoning module WebSockets (54)
[2024.02.02-08.42.45:484][122]LogModuleManager: Shutting down and abandoning module HTTP (51)
[2024.02.02-08.42.45:484][122]LogHttp: Display: Http module shutting down, but needs to wait on 1 outstanding Http requests:
[2024.02.02-08.42.45:484][122]LogHttp: Display: 	verb=[POST] url=[https://datarouter.ol.epicgames.com/datarouter/api/v1/public/data?SessionID=%7BD5BDDE26-4EF2-1BD4-F7F4-3EA6229CA12D%7D&AppID=UEEditor.Rocket.Release&AppVersion=4.22.3-7053642%2B%2B%2BUE4%2BRelease-4.22&UserID=b00129ef480f8306c0757698bf71ab11%7C080c6fa8f2624003ad3736477e37ce11%7C82b71f1f-b8ae-426c-88bd-8d465a7409b1&AppEnvironment=datacollector-binary&UploadType=eteventstream] status=Processing
[2024.02.02-08.42.45:506][122]LogModuleManager: Shutting down and abandoning module SSL (50)
[2024.02.02-08.42.45:507][122]LogModuleManager: Shutting down and abandoning module WmfMedia (46)
[2024.02.02-08.42.45:508][122]LogModuleManager: Shutting down and abandoning module Media (45)
[2024.02.02-08.42.45:514][122]LogModuleManager: Shutting down and abandoning module MagicLeap (42)
[2024.02.02-08.42.45:515][122]LogModuleManager: Shutting down and abandoning module DatasmithContent (40)
[2024.02.02-08.42.45:515][122]LogModuleManager: Shutting down and abandoning module AnimationModifiers (38)
[2024.02.02-08.42.45:515][122]LogModuleManager: Shutting down and abandoning module PropertyEditor (37)
[2024.02.02-08.42.45:515][122]LogModuleManager: Shutting down and abandoning module AudioEditor (34)
[2024.02.02-08.42.45:515][122]LogModuleManager: Shutting down and abandoning module TextureCompressor (32)
[2024.02.02-08.42.45:515][122]LogModuleManager: Shutting down and abandoning module RenderCore (30)
[2024.02.02-08.42.45:515][122]LogModuleManager: Shutting down and abandoning module Landscape (28)
[2024.02.02-08.42.45:515][122]LogModuleManager: Shutting down and abandoning module SlateRHIRenderer (26)
[2024.02.02-08.42.45:515][122]LogModuleManager: Shutting down and abandoning module OpenGLDrv (24)
[2024.02.02-08.42.45:515][122]LogModuleManager: Shutting down and abandoning module D3D11RHI (22)
[2024.02.02-08.42.45:515][122]LogModuleManager: Shutting down and abandoning module AnimGraphRuntime (20)
[2024.02.02-08.42.45:515][122]LogModuleManager: Shutting down and abandoning module Renderer (18)
[2024.02.02-08.42.45:515][122]LogModuleManager: Shutting down and abandoning module Engine (16)
[2024.02.02-08.42.45:516][122]LogModuleManager: Shutting down and abandoning module CoreUObject (14)
[2024.02.02-08.42.45:516][122]LogModuleManager: Shutting down and abandoning module NetworkFile (12)
[2024.02.02-08.42.45:516][122]LogModuleManager: Shutting down and abandoning module CookedIterativeFile (10)
[2024.02.02-08.42.45:516][122]LogModuleManager: Shutting down and abandoning module StreamingFile (8)
[2024.02.02-08.42.45:516][122]LogModuleManager: Shutting down and abandoning module SandboxFile (6)
[2024.02.02-08.42.45:516][122]LogModuleManager: Shutting down and abandoning module PakFile (4)
[2024.02.02-08.42.45:516][122]LogModuleManager: Shutting down and abandoning module RSA (3)
[2024.02.02-08.42.45:523][122]LogExit: Exiting.
[2024.02.02-08.42.45:535][122]Log file closed, 02/02/24 18:42:45
